[ 2017-06-30 08:44:08.8345 2978/7f5333e4f740 age/Wat/WatchdogMain.cpp:1283 ]: Starting Passenger watchdog...
[ 2017-06-30 08:44:08.8371 2981/7f6af5023740 age/Cor/CoreMain.cpp:1080 ]: Starting Passenger core...
[ 2017-06-30 08:44:08.8372 2981/7f6af5023740 age/Cor/CoreMain.cpp:248 ]: Passenger core running in multi-application mode.
[ 2017-06-30 08:44:08.8403 2981/7f6af5023740 age/Cor/CoreMain.cpp:830 ]: Passenger core online, PID 2981
[ 2017-06-30 08:44:08.8435 2987/7f6097e24740 age/Ust/UstRouterMain.cpp:537 ]: Starting Passenger UstRouter...
[ 2017-06-30 08:44:08.8438 2987/7f6097e24740 age/Ust/UstRouterMain.cpp:350 ]: Passenger UstRouter online, PID 2987
App 3018 stdout: 
[ 2017-06-30 08:44:11.4368 2981/7f6af4f57700 age/Cor/SecurityUpdateChecker.h:356 ]: Security update check: no update found (next check in 24 hours)
App 3018 stderr:         SECURITY WARNING: No secret option provided to Rack::Session::Cookie.
App 3018 stderr:         This poses a security threat. It is strongly recommended that you
App 3018 stderr:         provide a secret to prevent exploits that may be possible from crafted
App 3018 stderr:         cookies. This will not be supported in future versions of Rack, and
App 3018 stderr:         future versions will even invalidate your existing user cookies.
App 3018 stderr: 
App 3018 stderr:         Called from: /home/ubuntu/.rvm/gems/ruby-1.9.3-p392/gems/actionpack-3.1.3/lib/action_dispatch/middleware/session/abstract_store.rb:28:in `initialize'.
App 3018 stderr: 
App 3036 stdout: 
App 3018 stderr: cache: [HEAD /] miss
App 3018 stderr: cache: [GET /] miss
App 3018 stderr: cache: [GET /] miss
App 3018 stderr: cache: [GET /] miss
App 3018 stderr: cache: [POST /messages] invalidate, pass
App 3018 stderr: cache: [GET /] miss
App 3018 stderr: cache: [POST /messages] invalidate, pass
App 3018 stderr: cache: [GET /] miss
App 3018 stderr: cache: [GET /login] miss
App 3018 stderr: cache: [GET /] miss
App 3018 stderr: cache: [GET /] miss
App 3018 stderr: cache: [HEAD /mysql/admin/] miss
App 3018 stderr: cache: [HEAD /mysql/dbadmin/] miss
App 3018 stderr: cache: [HEAD /mysql/sqlmanager/] miss
App 3018 stderr: cache: [HEAD /mysql/mysqlmanager/] miss
App 3018 stderr: cache: [HEAD /phpmyadmin/] miss
App 3018 stderr: cache: [HEAD /phpMyadmin/] miss
App 3018 stderr: cache: [HEAD /phpMyAdmin/] miss
App 3018 stderr: cache: [HEAD /phpmyAdmin/] miss
App 3018 stderr: cache: [HEAD /phpmyadmin2/] miss
App 3018 stderr: cache: [HEAD /phpmyadmin3/] miss
App 3018 stderr: cache: [HEAD /phpmyadmin4/] miss
App 3018 stderr: cache: [HEAD /2phpmyadmin/] miss
App 3018 stderr: cache: [HEAD /phpmy/] miss
App 3018 stderr: cache: [HEAD /phppma/] miss
App 3018 stderr: cache: [HEAD /myadmin/] miss
App 3018 stderr: cache: [HEAD /shopdb/] miss
App 3018 stderr: cache: [HEAD /MyAdmin/] miss
App 3018 stderr: cache: [HEAD /program/] miss
App 3018 stderr: cache: [HEAD /PMA/] miss
App 3018 stderr: cache: [HEAD /dbadmin/] miss
App 3018 stderr: cache: [HEAD /pma/] miss
App 3018 stderr: cache: [HEAD /db/] miss
App 3018 stderr: cache: [HEAD /admin/] miss
App 3018 stderr: cache: [HEAD /mysql/] miss
App 3018 stderr: cache: [HEAD /database/] miss
App 3018 stderr: cache: [HEAD /db/phpmyadmin/] miss
App 3018 stderr: cache: [HEAD /db/phpMyAdmin/] miss
App 3018 stderr: cache: [HEAD /sqlmanager/] miss
App 3018 stderr: cache: [HEAD /mysqlmanager/] miss
App 3018 stderr: cache: [HEAD /php-myadmin/] miss
App 3018 stderr: cache: [HEAD /phpmy-admin/] miss
App 3018 stderr: cache: [HEAD /mysqladmin/] miss
App 3018 stderr: cache: [HEAD /mysql-admin/] miss
App 3018 stderr: cache: [HEAD /admin/phpmyadmin/] miss
App 3018 stderr: cache: [HEAD /admin/phpMyAdmin/] miss
App 3018 stderr: cache: [HEAD /admin/sysadmin/] miss
App 3018 stderr: cache: [HEAD /admin/sqladmin/] miss
App 3018 stderr: cache: [HEAD /admin/db/] miss
App 3018 stderr: cache: [HEAD /admin/web/] miss
App 3018 stderr: cache: [HEAD /admin/pMA/] miss
App 3018 stderr: cache: [HEAD /mysql/pma/] miss
App 3018 stderr: cache: [HEAD /mysql/db/] miss
App 3018 stderr: cache: [HEAD /mysql/web/] miss
App 3018 stderr: cache: [HEAD /mysql/pMA/] miss
App 3018 stderr: cache: [HEAD /sql/phpmanager/] miss
App 3018 stderr: cache: [HEAD /sql/php-myadmin/] miss
App 3018 stderr: cache: [HEAD /sql/phpmy-admin/] miss
App 3018 stderr: cache: [HEAD /sql/sql/] miss
App 3018 stderr: cache: [HEAD /sql/myadmin/] miss
App 3018 stderr: cache: [HEAD /sql/webadmin/] miss
App 3018 stderr: cache: [HEAD /sql/sqlweb/] miss
App 3018 stderr: cache: [HEAD /sql/websql/] miss
App 3018 stderr: cache: [HEAD /sql/webdb/] miss
App 3018 stderr: cache: [HEAD /sql/sqladmin/] miss
App 3018 stderr: cache: [HEAD /sql/sql-admin/] miss
App 3018 stderr: cache: [HEAD /sql/phpmyadmin2/] miss
App 3018 stderr: cache: [HEAD /sql/phpMyAdmin2/] miss
App 3018 stderr: cache: [HEAD /sql/phpMyAdmin/] miss
App 3018 stderr: cache: [HEAD /db/myadmin/] miss
App 3018 stderr: cache: [HEAD /db/webadmin/] miss
App 3018 stderr: cache: [HEAD /db/dbweb/] miss
App 3018 stderr: cache: [HEAD /db/websql/] miss
App 3018 stderr: cache: [HEAD /db/webdb/] miss
App 3018 stderr: cache: [HEAD /db/dbadmin/] miss
App 3018 stderr: cache: [HEAD /db/db-admin/] miss
App 3018 stderr: cache: [HEAD /db/phpmyadmin3/] miss
App 3018 stderr: cache: [HEAD /db/phpMyAdmin3/] miss
App 3018 stderr: cache: [HEAD /db/phpMyAdmin-3/] miss
App 3018 stderr: cache: [HEAD /administrator/phpmyadmin/] miss
App 3018 stderr: cache: [HEAD /administrator/phpMyAdmin/] miss
App 3018 stderr: cache: [HEAD /administrator/db/] miss
App 3018 stderr: cache: [HEAD /administrator/web/] miss
App 3018 stderr: cache: [HEAD /administrator/pma/] miss
App 3018 stderr: cache: [HEAD /administrator/PMA/] miss
App 3018 stderr: cache: [HEAD /administrator/admin/] miss
App 3018 stderr: cache: [HEAD /phpMyAdmin2/] miss
App 3018 stderr: cache: [HEAD /phpMyAdmin3/] miss
App 3018 stderr: cache: [HEAD /phpMyAdmin4/] miss
App 3018 stderr: cache: [HEAD /phpMyAdmin-3/] miss
App 3018 stderr: cache: [HEAD /php-my-admin/] miss
App 3018 stderr: cache: [HEAD /PMA2011/] miss
App 3018 stderr: cache: [HEAD /PMA2012/] miss
App 3018 stderr: cache: [HEAD /PMA2013/] miss
App 3018 stderr: cache: [HEAD /PMA2014/] miss
App 3018 stderr: cache: [HEAD /PMA2015/] miss
App 3018 stderr: cache: [HEAD /PMA2016/] miss
App 3018 stderr: cache: [HEAD /PMA2017/] miss
App 3018 stderr: cache: [HEAD /PMA2018/] miss
App 3018 stderr: cache: [HEAD /pma2011/] miss
App 3018 stderr: cache: [HEAD /pma2012/] miss
App 3018 stderr: cache: [HEAD /pma2013/] miss
App 3018 stderr: cache: [HEAD /pma2014/] miss
App 3018 stderr: cache: [HEAD /pma2015/] miss
App 3018 stderr: cache: [HEAD /pma2016/] miss
App 3018 stderr: cache: [HEAD /pma2017/] miss
App 3018 stderr: cache: [HEAD /pma2018/] miss
App 3018 stderr: cache: [HEAD /phpmyadmin2011/] miss
App 3018 stderr: cache: [HEAD /phpmyadmin2012/] miss
App 3018 stderr: cache: [HEAD /phpmyadmin2013/] miss
App 3018 stderr: cache: [HEAD /phpmyadmin2014/] miss
App 3018 stderr: cache: [HEAD /phpmyadmin2016/] miss
App 3018 stderr: cache: [HEAD /phpmyadmin2017/] miss
App 3018 stderr: cache: [HEAD /phpmyadmin2018/] miss
App 3018 stderr: cache: [HEAD /phpmanager/] miss
App 3018 stderr: cache: [GET /] miss
App 3018 stderr: cache: [GET /] miss
App 3018 stderr: cache: [GET /] miss
App 3018 stderr: cache: [POST /messages] invalidate, pass
App 3018 stderr: cache: [GET /] miss
App 3018 stderr: cache: [GET /login] miss
App 3018 stderr: cache: [POST /login] invalidate, pass
App 3018 stderr: cache: [GET /] miss
App 3018 stderr: cache: [POST /messages] invalidate, pass
App 3018 stderr: cache: [GET /] miss
App 3018 stderr: cache: [POST /messages] invalidate, pass
App 3018 stderr: cache: [GET /] miss
App 3018 stderr: cache: [GET /] miss
App 3018 stderr: cache: [GET /] miss
App 3018 stderr: cache: [HEAD /mysql/admin/] miss
App 3018 stderr: cache: [HEAD /mysql/dbadmin/] miss
App 3018 stderr: cache: [HEAD /mysql/sqlmanager/] miss
App 3018 stderr: cache: [HEAD /mysql/mysqlmanager/] miss
App 3018 stderr: cache: [HEAD /phpmyadmin/] miss
App 3018 stderr: cache: [HEAD /phpMyadmin/] miss
App 3018 stderr: cache: [HEAD /phpMyAdmin/] miss
App 3018 stderr: cache: [HEAD /phpmyAdmin/] miss
App 3018 stderr: cache: [HEAD /phpmyadmin2/] miss
App 3018 stderr: cache: [HEAD /phpmyadmin3/] miss
App 3018 stderr: cache: [HEAD /phpmyadmin4/] miss
App 3018 stderr: cache: [HEAD /2phpmyadmin/] miss
App 3018 stderr: cache: [HEAD /phpmy/] miss
App 3018 stderr: cache: [HEAD /phppma/] miss
App 3018 stderr: cache: [HEAD /myadmin/] miss
App 3018 stderr: cache: [HEAD /mysql/admin/] miss
App 3018 stderr: cache: [HEAD /shopdb/] miss
App 3018 stderr: cache: [HEAD /mysql/dbadmin/] miss
App 3018 stderr: cache: [HEAD /MyAdmin/] miss
App 3018 stderr: cache: [HEAD /mysql/sqlmanager/] miss
App 3018 stderr: cache: [HEAD /program/] miss
App 3018 stderr: cache: [HEAD /mysql/mysqlmanager/] miss
App 3018 stderr: cache: [HEAD /PMA/] miss
App 3018 stderr: cache: [HEAD /phpmyadmin/] miss
App 3018 stderr: cache: [HEAD /dbadmin/] miss
App 3018 stderr: cache: [HEAD /phpMyadmin/] miss
App 3018 stderr: cache: [HEAD /pma/] miss
App 3018 stderr: cache: [HEAD /phpMyAdmin/] miss
App 3018 stderr: cache: [HEAD /db/] miss
App 3018 stderr: cache: [HEAD /phpmyAdmin/] miss
App 3018 stderr: cache: [HEAD /admin/] miss
App 3018 stderr: cache: [HEAD /phpmyadmin2/] miss
App 3018 stderr: cache: [HEAD /mysql/] miss
App 3018 stderr: cache: [HEAD /phpmyadmin3/] miss
App 3018 stderr: cache: [HEAD /database/] miss
App 3018 stderr: cache: [HEAD /phpmyadmin4/] miss
App 3018 stderr: cache: [HEAD /db/phpmyadmin/] miss
App 3018 stderr: cache: [HEAD /2phpmyadmin/] miss
App 3018 stderr: cache: [HEAD /db/phpMyAdmin/] miss
App 3018 stderr: cache: [HEAD /phpmy/] miss
App 3018 stderr: cache: [HEAD /sqlmanager/] miss
App 3018 stderr: cache: [HEAD /phppma/] miss
App 3018 stderr: cache: [HEAD /mysqlmanager/] miss
App 3018 stderr: cache: [HEAD /myadmin/] miss
App 3018 stderr: cache: [HEAD /php-myadmin/] miss
App 3018 stderr: cache: [HEAD /shopdb/] miss
App 3018 stderr: cache: [HEAD /phpmy-admin/] miss
App 3018 stderr: cache: [HEAD /MyAdmin/] miss
App 3018 stderr: cache: [HEAD /mysqladmin/] miss
App 3018 stderr: cache: [HEAD /program/] miss
App 3018 stderr: cache: [HEAD /mysql-admin/] miss
App 3018 stderr: cache: [HEAD /PMA/] miss
App 3018 stderr: cache: [HEAD /admin/phpmyadmin/] miss
App 3018 stderr: cache: [HEAD /dbadmin/] miss
App 3018 stderr: cache: [HEAD /admin/phpMyAdmin/] miss
App 3018 stderr: cache: [HEAD /pma/] miss
App 3018 stderr: cache: [HEAD /admin/sysadmin/] miss
App 3018 stderr: cache: [HEAD /db/] miss
App 3018 stderr: cache: [HEAD /admin/sqladmin/] miss
App 3018 stderr: cache: [HEAD /admin/] miss
App 3018 stderr: cache: [HEAD /admin/db/] miss
App 3018 stderr: cache: [HEAD /mysql/] miss
App 3018 stderr: cache: [HEAD /admin/web/] miss
App 3018 stderr: cache: [HEAD /database/] miss
App 3018 stderr: cache: [HEAD /admin/pMA/] miss
App 3018 stderr: cache: [HEAD /db/phpmyadmin/] miss
App 3018 stderr: cache: [HEAD /mysql/pma/] miss
App 3018 stderr: cache: [HEAD /db/phpMyAdmin/] miss
App 3018 stderr: cache: [HEAD /mysql/db/] miss
App 3018 stderr: cache: [HEAD /sqlmanager/] miss
App 3018 stderr: cache: [HEAD /mysql/web/] miss
App 3018 stderr: cache: [HEAD /mysqlmanager/] miss
App 3018 stderr: cache: [HEAD /mysql/pMA/] miss
App 3018 stderr: cache: [HEAD /php-myadmin/] miss
App 3018 stderr: cache: [HEAD /sql/phpmanager/] miss
App 3018 stderr: cache: [HEAD /phpmy-admin/] miss
App 3018 stderr: cache: [HEAD /sql/php-myadmin/] miss
App 3018 stderr: cache: [HEAD /mysqladmin/] miss
App 3018 stderr: cache: [HEAD /sql/phpmy-admin/] miss
App 3018 stderr: cache: [HEAD /mysql-admin/] miss
App 3018 stderr: cache: [HEAD /sql/sql/] miss
App 3018 stderr: cache: [HEAD /admin/phpmyadmin/] miss
App 3018 stderr: cache: [HEAD /sql/myadmin/] miss
App 3018 stderr: cache: [HEAD /admin/phpMyAdmin/] miss
App 3018 stderr: cache: [HEAD /sql/webadmin/] miss
App 3018 stderr: cache: [HEAD /admin/sysadmin/] miss
App 3018 stderr: cache: [HEAD /sql/sqlweb/] miss
App 3018 stderr: cache: [HEAD /admin/sqladmin/] miss
App 3018 stderr: cache: [HEAD /sql/websql/] miss
App 3018 stderr: cache: [HEAD /admin/db/] miss
App 3018 stderr: cache: [HEAD /sql/webdb/] miss
App 3018 stderr: cache: [HEAD /sql/sqladmin/] miss
App 3018 stderr: cache: [HEAD /admin/web/] miss
App 3018 stderr: cache: [HEAD /sql/sql-admin/] miss
App 3018 stderr: cache: [HEAD /admin/pMA/] miss
App 3018 stderr: cache: [HEAD /sql/phpmyadmin2/] miss
App 3018 stderr: cache: [HEAD /mysql/pma/] miss
App 3018 stderr: cache: [HEAD /sql/phpMyAdmin2/] miss
App 3018 stderr: cache: [HEAD /mysql/db/] miss
App 3018 stderr: cache: [HEAD /sql/phpMyAdmin/] miss
App 3018 stderr: cache: [HEAD /mysql/web/] miss
App 3018 stderr: cache: [HEAD /db/myadmin/] miss
App 3018 stderr: cache: [HEAD /mysql/pMA/] miss
App 3018 stderr: cache: [HEAD /db/webadmin/] miss
App 3018 stderr: cache: [HEAD /sql/phpmanager/] miss
App 3018 stderr: cache: [HEAD /db/dbweb/] miss
App 3018 stderr: cache: [HEAD /sql/php-myadmin/] miss
App 3018 stderr: cache: [HEAD /db/websql/] miss
App 3018 stderr: cache: [HEAD /sql/phpmy-admin/] miss
App 3018 stderr: cache: [HEAD /db/webdb/] miss
App 3018 stderr: cache: [HEAD /sql/sql/] miss
App 3018 stderr: cache: [HEAD /db/dbadmin/] miss
App 3018 stderr: cache: [HEAD /sql/myadmin/] miss
App 3018 stderr: cache: [HEAD /db/db-admin/] miss
App 3018 stderr: cache: [HEAD /sql/webadmin/] miss
App 3018 stderr: cache: [HEAD /db/phpmyadmin3/] miss
App 3018 stderr: cache: [HEAD /sql/sqlweb/] miss
App 3018 stderr: cache: [HEAD /db/phpMyAdmin3/] miss
App 3018 stderr: cache: [HEAD /sql/websql/] miss
App 3018 stderr: cache: [HEAD /db/phpMyAdmin-3/] miss
App 3018 stderr: cache: [HEAD /sql/webdb/] miss
App 3018 stderr: cache: [HEAD /administrator/phpmyadmin/] miss
App 3018 stderr: cache: [HEAD /sql/sqladmin/] miss
App 3018 stderr: cache: [HEAD /administrator/phpMyAdmin/] miss
App 3018 stderr: cache: [HEAD /sql/sql-admin/] miss
App 3018 stderr: cache: [HEAD /administrator/db/] miss
App 3018 stderr: cache: [HEAD /sql/phpmyadmin2/] miss
App 3018 stderr: cache: [HEAD /administrator/web/] miss
App 3018 stderr: cache: [HEAD /sql/phpMyAdmin2/] miss
App 3018 stderr: cache: [HEAD /administrator/pma/] miss
App 3018 stderr: cache: [HEAD /sql/phpMyAdmin/] miss
App 3018 stderr: cache: [HEAD /administrator/PMA/] miss
App 3018 stderr: cache: [HEAD /db/myadmin/] miss
App 3018 stderr: cache: [HEAD /administrator/admin/] miss
App 3018 stderr: cache: [HEAD /db/webadmin/] miss
App 3018 stderr: cache: [HEAD /phpMyAdmin2/] miss
App 3018 stderr: cache: [HEAD /db/dbweb/] miss
App 3018 stderr: cache: [HEAD /phpMyAdmin3/] miss
App 3018 stderr: cache: [HEAD /db/websql/] miss
App 3018 stderr: cache: [HEAD /phpMyAdmin4/] miss
App 3018 stderr: cache: [HEAD /db/webdb/] miss
App 3018 stderr: cache: [HEAD /phpMyAdmin-3/] miss
App 3018 stderr: cache: [HEAD /db/dbadmin/] miss
App 3018 stderr: cache: [HEAD /php-my-admin/] miss
App 3018 stderr: cache: [HEAD /db/db-admin/] miss
App 3018 stderr: cache: [HEAD /PMA2011/] miss
App 3018 stderr: cache: [HEAD /db/phpmyadmin3/] miss
App 3018 stderr: cache: [HEAD /PMA2012/] miss
App 3018 stderr: cache: [HEAD /db/phpMyAdmin3/] miss
App 3018 stderr: cache: [HEAD /PMA2013/] miss
App 3018 stderr: cache: [HEAD /db/phpMyAdmin-3/] miss
App 3018 stderr: cache: [HEAD /PMA2014/] miss
App 3018 stderr: cache: [HEAD /administrator/phpmyadmin/] miss
App 3018 stderr: cache: [HEAD /PMA2015/] miss
App 3018 stderr: cache: [HEAD /administrator/phpMyAdmin/] miss
App 3018 stderr: cache: [HEAD /PMA2016/] miss
App 3018 stderr: cache: [HEAD /administrator/db/] miss
App 3018 stderr: cache: [HEAD /PMA2017/] miss
App 3018 stderr: cache: [HEAD /administrator/web/] miss
App 3018 stderr: cache: [HEAD /PMA2018/] miss
App 9828 stdout: 
App 3018 stderr: cache: [HEAD /pma2011/] miss
App 3018 stderr: cache: [HEAD /administrator/pma/] miss
App 3018 stderr: cache: [HEAD /pma2012/] miss
App 3018 stderr: cache: [HEAD /administrator/PMA/] miss
App 3018 stderr: cache: [HEAD /pma2013/] miss
App 3018 stderr: cache: [HEAD /administrator/admin/] miss
App 3018 stderr: cache: [HEAD /pma2014/] miss
App 3018 stderr: cache: [HEAD /phpMyAdmin2/] miss
App 3018 stderr: cache: [HEAD /pma2015/] miss
App 3018 stderr: cache: [HEAD /phpMyAdmin3/] miss
App 3018 stderr: cache: [HEAD /pma2016/] miss
App 3018 stderr: cache: [HEAD /phpMyAdmin4/] miss
App 3018 stderr: cache: [HEAD /pma2017/] miss
App 3018 stderr: cache: [HEAD /phpMyAdmin-3/] miss
App 3018 stderr: cache: [HEAD /pma2018/] miss
App 3018 stderr: cache: [HEAD /php-my-admin/] miss
App 3018 stderr: cache: [HEAD /phpmyadmin2011/] miss
App 3018 stderr: cache: [HEAD /PMA2011/] miss
App 3018 stderr: cache: [HEAD /phpmyadmin2012/] miss
App 3018 stderr: cache: [HEAD /PMA2012/] miss
App 9828 stderr:         SECURITY WARNING: No secret option provided to Rack::Session::Cookie.
App 9828 stderr:         This poses a security threat. It is strongly recommended that you
App 9828 stderr:         provide a secret to prevent exploits that may be possible from crafted
App 9828 stderr:         cookies. This will not be supported in future versions of Rack, and
App 9828 stderr:         future versions will even invalidate your existing user cookies.
App 9828 stderr: 
App 9828 stderr:         Called from: /home/ubuntu/.rvm/gems/ruby-1.9.3-p392/gems/actionpack-3.1.3/lib/action_dispatch/middleware/session/abstract_store.rb:28:in `initialize'.
App 9828 stderr: 
App 3018 stderr: cache: [HEAD /phpmyadmin2013/] miss
App 3018 stderr: cache: [HEAD /PMA2013/] miss
App 3018 stderr: cache: [HEAD /phpmyadmin2014/] miss
App 3018 stderr: cache: [HEAD /PMA2014/] miss
App 3018 stderr: cache: [HEAD /PMA2015/] miss
App 3018 stderr: cache: [HEAD /phpmyadmin2016/] miss
App 3018 stderr: cache: [HEAD /PMA2016/] miss
App 3018 stderr: cache: [HEAD /PMA2017/] miss
App 3018 stderr: cache: [HEAD /phpmyadmin2017/] miss
App 3018 stderr: cache: [HEAD /PMA2018/] miss
App 9846 stdout: 
App 3018 stderr: cache: [HEAD /pma2011/] miss
App 3018 stderr: cache: [HEAD /phpmyadmin2018/] miss
App 3018 stderr: cache: [HEAD /pma2012/] miss
App 3018 stderr: cache: [HEAD /pma2013/] miss
App 3018 stderr: cache: [HEAD /phpmanager/] miss
App 3018 stderr: cache: [HEAD /pma2014/] miss
App 3018 stderr: cache: [HEAD /pma2015/] miss
App 3018 stderr: cache: [HEAD /pma2016/] miss
App 3018 stderr: cache: [HEAD /pma2017/] miss
App 3018 stderr: cache: [HEAD /pma2018/] miss
App 3018 stderr: cache: [HEAD /phpmyadmin2011/] miss
App 3018 stderr: cache: [HEAD /phpmyadmin2012/] miss
App 3018 stderr: cache: [HEAD /phpmyadmin2013/] miss
App 3018 stderr: cache: [HEAD /phpmyadmin2014/] miss
App 3018 stderr: cache: [HEAD /phpmyadmin2016/] miss
App 3018 stderr: cache: [HEAD /phpmyadmin2017/] miss
App 3018 stderr: cache: [HEAD /phpmyadmin2018/] miss
App 3018 stderr: cache: [HEAD /phpmanager/] miss
App 3018 stderr: cache: [GET /] miss
[ 2017-06-30 12:05:08.9359 2981/7f6af4fe1700 age/Cor/CoreMain.cpp:917 ]: Checking whether to disconnect long-running connections for process 9846, application /home/ubuntu/awsteschat/testchatmike/public (production)
App 3018 stderr: cache: [GET /manager/html] miss
App 3018 stderr: cache: [GET /wp-login.php] miss
App 3018 stderr: cache: [GET /administrator/index.php] miss
App 3018 stderr: cache: [HEAD /mysql/admin/] miss
App 3018 stderr: cache: [HEAD /mysql/dbadmin/] miss
App 3018 stderr: cache: [HEAD /mysql/sqlmanager/] miss
App 3018 stderr: cache: [HEAD /mysql/mysqlmanager/] miss
App 3018 stderr: cache: [HEAD /phpmyadmin/] miss
App 3018 stderr: cache: [HEAD /phpMyadmin/] miss
App 3018 stderr: cache: [HEAD /phpMyAdmin/] miss
App 3018 stderr: cache: [HEAD /phpmyAdmin/] miss
App 3018 stderr: cache: [HEAD /phpmyadmin2/] miss
App 3018 stderr: cache: [HEAD /phpmyadmin3/] miss
App 3018 stderr: cache: [HEAD /phpmyadmin4/] miss
App 3018 stderr: cache: [HEAD /2phpmyadmin/] miss
App 3018 stderr: cache: [HEAD /phpmy/] miss
App 3018 stderr: cache: [HEAD /phppma/] miss
App 3018 stderr: cache: [HEAD /myadmin/] miss
App 3018 stderr: cache: [HEAD /shopdb/] miss
App 3018 stderr: cache: [HEAD /MyAdmin/] miss
App 3018 stderr: cache: [HEAD /program/] miss
App 3018 stderr: cache: [HEAD /PMA/] miss
App 3018 stderr: cache: [HEAD /dbadmin/] miss
App 3018 stderr: cache: [HEAD /pma/] miss
App 3018 stderr: cache: [HEAD /db/] miss
App 3018 stderr: cache: [HEAD /admin/] miss
App 3018 stderr: cache: [HEAD /mysql/] miss
App 3018 stderr: cache: [HEAD /database/] miss
App 3018 stderr: cache: [HEAD /db/phpmyadmin/] miss
App 3018 stderr: cache: [HEAD /db/phpMyAdmin/] miss
App 3018 stderr: cache: [HEAD /sqlmanager/] miss
App 3018 stderr: cache: [HEAD /mysqlmanager/] miss
App 3018 stderr: cache: [HEAD /php-myadmin/] miss
App 3018 stderr: cache: [HEAD /phpmy-admin/] miss
App 3018 stderr: cache: [HEAD /mysqladmin/] miss
App 3018 stderr: cache: [HEAD /mysql-admin/] miss
App 3018 stderr: cache: [HEAD /admin/phpmyadmin/] miss
App 3018 stderr: cache: [HEAD /admin/phpMyAdmin/] miss
App 3018 stderr: cache: [HEAD /admin/sysadmin/] miss
App 3018 stderr: cache: [HEAD /admin/sqladmin/] miss
App 3018 stderr: cache: [HEAD /admin/db/] miss
App 3018 stderr: cache: [HEAD /admin/web/] miss
App 3018 stderr: cache: [HEAD /admin/pMA/] miss
App 3018 stderr: cache: [HEAD /mysql/pma/] miss
App 3018 stderr: cache: [HEAD /mysql/db/] miss
App 3018 stderr: cache: [HEAD /mysql/web/] miss
App 3018 stderr: cache: [HEAD /mysql/pMA/] miss
App 3018 stderr: cache: [HEAD /sql/phpmanager/] miss
App 3018 stderr: cache: [HEAD /sql/php-myadmin/] miss
App 3018 stderr: cache: [HEAD /sql/phpmy-admin/] miss
App 3018 stderr: cache: [HEAD /sql/sql/] miss
App 3018 stderr: cache: [HEAD /sql/myadmin/] miss
App 3018 stderr: cache: [HEAD /sql/webadmin/] miss
App 3018 stderr: cache: [HEAD /sql/sqlweb/] miss
App 3018 stderr: cache: [HEAD /sql/websql/] miss
App 3018 stderr: cache: [HEAD /sql/webdb/] miss
App 3018 stderr: cache: [HEAD /sql/sqladmin/] miss
App 3018 stderr: cache: [HEAD /sql/sql-admin/] miss
App 3018 stderr: cache: [HEAD /sql/phpmyadmin2/] miss
App 3018 stderr: cache: [HEAD /sql/phpMyAdmin2/] miss
App 3018 stderr: cache: [HEAD /sql/phpMyAdmin/] miss
App 3018 stderr: cache: [HEAD /db/myadmin/] miss
App 3018 stderr: cache: [HEAD /db/webadmin/] miss
App 3018 stderr: cache: [HEAD /db/dbweb/] miss
App 3018 stderr: cache: [HEAD /db/websql/] miss
App 3018 stderr: cache: [HEAD /db/webdb/] miss
App 3018 stderr: cache: [HEAD /db/dbadmin/] miss
App 3018 stderr: cache: [HEAD /db/db-admin/] miss
App 3018 stderr: cache: [HEAD /db/phpmyadmin3/] miss
App 3018 stderr: cache: [HEAD /db/phpMyAdmin3/] miss
App 3018 stderr: cache: [HEAD /db/phpMyAdmin-3/] miss
App 3018 stderr: cache: [HEAD /administrator/phpmyadmin/] miss
App 3018 stderr: cache: [HEAD /administrator/phpMyAdmin/] miss
App 3018 stderr: cache: [HEAD /administrator/db/] miss
App 3018 stderr: cache: [HEAD /administrator/web/] miss
App 3018 stderr: cache: [HEAD /administrator/pma/] miss
App 3018 stderr: cache: [HEAD /administrator/PMA/] miss
App 3018 stderr: cache: [HEAD /administrator/admin/] miss
App 3018 stderr: cache: [HEAD /phpMyAdmin2/] miss
App 3018 stderr: cache: [HEAD /phpMyAdmin3/] miss
App 3018 stderr: cache: [HEAD /phpMyAdmin4/] miss
App 3018 stderr: cache: [HEAD /phpMyAdmin-3/] miss
App 3018 stderr: cache: [HEAD /php-my-admin/] miss
App 3018 stderr: cache: [HEAD /PMA2011/] miss
App 3018 stderr: cache: [HEAD /PMA2012/] miss
App 3018 stderr: cache: [HEAD /PMA2013/] miss
App 3018 stderr: cache: [HEAD /PMA2014/] miss
App 3018 stderr: cache: [HEAD /PMA2015/] miss
App 3018 stderr: cache: [HEAD /PMA2016/] miss
App 3018 stderr: cache: [HEAD /PMA2017/] miss
App 3018 stderr: cache: [HEAD /PMA2018/] miss
App 3018 stderr: cache: [HEAD /pma2011/] miss
App 3018 stderr: cache: [HEAD /pma2012/] miss
App 3018 stderr: cache: [HEAD /pma2013/] miss
App 3018 stderr: cache: [HEAD /pma2014/] miss
App 3018 stderr: cache: [HEAD /pma2015/] miss
App 3018 stderr: cache: [HEAD /pma2016/] miss
App 3018 stderr: cache: [HEAD /pma2017/] miss
App 3018 stderr: cache: [HEAD /pma2018/] miss
App 3018 stderr: cache: [HEAD /phpmyadmin2011/] miss
App 3018 stderr: cache: [HEAD /phpmyadmin2012/] miss
App 3018 stderr: cache: [HEAD /phpmyadmin2013/] miss
App 3018 stderr: cache: [HEAD /phpmyadmin2014/] miss
App 3018 stderr: cache: [HEAD /phpmyadmin2016/] miss
App 3018 stderr: cache: [HEAD /phpmyadmin2017/] miss
App 3018 stderr: cache: [HEAD /phpmyadmin2018/] miss
App 3018 stderr: cache: [HEAD /phpmanager/] miss
App 3018 stderr: cache: [GET /] miss
App 3018 stderr: cache: [HEAD /mysql/admin/] miss
App 3018 stderr: cache: [HEAD /mysql/dbadmin/] miss
App 3018 stderr: cache: [HEAD /mysql/sqlmanager/] miss
App 3018 stderr: cache: [HEAD /mysql/mysqlmanager/] miss
App 3018 stderr: cache: [HEAD /phpmyadmin/] miss
App 3018 stderr: cache: [HEAD /phpMyadmin/] miss
App 3018 stderr: cache: [HEAD /phpMyAdmin/] miss
App 3018 stderr: cache: [HEAD /phpmyAdmin/] miss
App 3018 stderr: cache: [HEAD /phpmyadmin2/] miss
App 3018 stderr: cache: [HEAD /phpmyadmin3/] miss
App 3018 stderr: cache: [HEAD /phpmyadmin4/] miss
App 3018 stderr: cache: [HEAD /2phpmyadmin/] miss
App 3018 stderr: cache: [HEAD /phpmy/] miss
App 3018 stderr: cache: [HEAD /phppma/] miss
App 3018 stderr: cache: [HEAD /myadmin/] miss
App 3018 stderr: cache: [HEAD /shopdb/] miss
App 3018 stderr: cache: [HEAD /MyAdmin/] miss
App 3018 stderr: cache: [HEAD /program/] miss
App 3018 stderr: cache: [HEAD /PMA/] miss
App 3018 stderr: cache: [HEAD /dbadmin/] miss
App 3018 stderr: cache: [HEAD /pma/] miss
App 3018 stderr: cache: [HEAD /db/] miss
App 3018 stderr: cache: [HEAD /admin/] miss
App 3018 stderr: cache: [HEAD /mysql/] miss
App 3018 stderr: cache: [HEAD /database/] miss
App 3018 stderr: cache: [HEAD /db/phpmyadmin/] miss
App 3018 stderr: cache: [HEAD /db/phpMyAdmin/] miss
App 3018 stderr: cache: [HEAD /sqlmanager/] miss
App 3018 stderr: cache: [HEAD /mysqlmanager/] miss
App 3018 stderr: cache: [HEAD /php-myadmin/] miss
App 3018 stderr: cache: [HEAD /phpmy-admin/] miss
App 3018 stderr: cache: [HEAD /mysqladmin/] miss
App 3018 stderr: cache: [HEAD /mysql-admin/] miss
App 3018 stderr: cache: [HEAD /admin/phpmyadmin/] miss
App 3018 stderr: cache: [HEAD /admin/phpMyAdmin/] miss
App 3018 stderr: cache: [HEAD /admin/sysadmin/] miss
App 3018 stderr: cache: [HEAD /admin/sqladmin/] miss
App 3018 stderr: cache: [HEAD /admin/db/] miss
App 3018 stderr: cache: [HEAD /admin/web/] miss
App 3018 stderr: cache: [HEAD /admin/pMA/] miss
App 3018 stderr: cache: [HEAD /mysql/pma/] miss
App 3018 stderr: cache: [HEAD /mysql/db/] miss
App 3018 stderr: cache: [HEAD /mysql/web/] miss
App 3018 stderr: cache: [HEAD /mysql/pMA/] miss
App 3018 stderr: cache: [HEAD /sql/phpmanager/] miss
App 3018 stderr: cache: [HEAD /sql/php-myadmin/] miss
App 3018 stderr: cache: [HEAD /sql/phpmy-admin/] miss
App 3018 stderr: cache: [HEAD /sql/sql/] miss
App 3018 stderr: cache: [HEAD /sql/myadmin/] miss
App 3018 stderr: cache: [HEAD /sql/webadmin/] miss
App 3018 stderr: cache: [HEAD /sql/sqlweb/] miss
App 3018 stderr: cache: [HEAD /sql/websql/] miss
App 3018 stderr: cache: [HEAD /sql/webdb/] miss
App 3018 stderr: cache: [HEAD /sql/sqladmin/] miss
App 3018 stderr: cache: [HEAD /sql/sql-admin/] miss
App 3018 stderr: cache: [HEAD /sql/phpmyadmin2/] miss
App 3018 stderr: cache: [HEAD /sql/phpMyAdmin2/] miss
App 3018 stderr: cache: [HEAD /sql/phpMyAdmin/] miss
App 3018 stderr: cache: [HEAD /db/myadmin/] miss
App 3018 stderr: cache: [HEAD /db/webadmin/] miss
App 3018 stderr: cache: [HEAD /db/dbweb/] miss
App 3018 stderr: cache: [HEAD /db/websql/] miss
App 3018 stderr: cache: [HEAD /db/webdb/] miss
App 3018 stderr: cache: [HEAD /db/dbadmin/] miss
App 3018 stderr: cache: [HEAD /db/db-admin/] miss
App 3018 stderr: cache: [HEAD /db/phpmyadmin3/] miss
App 3018 stderr: cache: [HEAD /db/phpMyAdmin3/] miss
App 3018 stderr: cache: [HEAD /db/phpMyAdmin-3/] miss
App 3018 stderr: cache: [HEAD /administrator/phpmyadmin/] miss
App 3018 stderr: cache: [HEAD /administrator/phpMyAdmin/] miss
App 3018 stderr: cache: [HEAD /administrator/db/] miss
App 3018 stderr: cache: [HEAD /administrator/web/] miss
App 3018 stderr: cache: [HEAD /administrator/pma/] miss
App 3018 stderr: cache: [HEAD /administrator/PMA/] miss
App 3018 stderr: cache: [HEAD /administrator/admin/] miss
App 3018 stderr: cache: [HEAD /phpMyAdmin2/] miss
App 3018 stderr: cache: [HEAD /phpMyAdmin3/] miss
App 3018 stderr: cache: [HEAD /phpMyAdmin4/] miss
App 3018 stderr: cache: [HEAD /phpMyAdmin-3/] miss
App 3018 stderr: cache: [HEAD /php-my-admin/] miss
App 3018 stderr: cache: [HEAD /PMA2011/] miss
App 3018 stderr: cache: [HEAD /PMA2012/] miss
App 3018 stderr: cache: [HEAD /PMA2013/] miss
App 3018 stderr: cache: [HEAD /PMA2014/] miss
App 3018 stderr: cache: [HEAD /PMA2015/] miss
App 3018 stderr: cache: [HEAD /PMA2016/] miss
App 3018 stderr: cache: [HEAD /PMA2017/] miss
App 3018 stderr: cache: [HEAD /PMA2018/] miss
App 3018 stderr: cache: [HEAD /pma2011/] miss
App 3018 stderr: cache: [HEAD /pma2012/] miss
App 3018 stderr: cache: [HEAD /pma2013/] miss
App 3018 stderr: cache: [HEAD /pma2014/] miss
App 3018 stderr: cache: [HEAD /pma2015/] miss
App 3018 stderr: cache: [HEAD /pma2016/] miss
App 3018 stderr: cache: [HEAD /pma2017/] miss
App 3018 stderr: cache: [HEAD /pma2018/] miss
App 3018 stderr: cache: [HEAD /phpmyadmin2011/] miss
App 3018 stderr: cache: [HEAD /phpmyadmin2012/] miss
App 3018 stderr: cache: [HEAD /phpmyadmin2013/] miss
App 3018 stderr: cache: [HEAD /phpmyadmin2014/] miss
App 3018 stderr: cache: [HEAD /phpmyadmin2016/] miss
App 3018 stderr: cache: [HEAD /phpmyadmin2017/] miss
App 3018 stderr: cache: [HEAD /phpmyadmin2018/] miss
App 3018 stderr: cache: [HEAD /phpmanager/] miss
App 3018 stderr: cache: [GET /wp-login.php] miss
App 3018 stderr: cache: [GET /administrator/index.php] miss
App 3018 stderr: cache: [GET /admin.php] miss
App 3018 stderr: cache: [GET /mysql/scripts/setup.php] miss
App 3018 stderr: cache: [HEAD /mysql/admin/] miss
App 3018 stderr: cache: [HEAD /mysql/dbadmin/] miss
App 3018 stderr: cache: [HEAD /mysql/sqlmanager/] miss
App 3018 stderr: cache: [HEAD /mysql/mysqlmanager/] miss
App 3018 stderr: cache: [HEAD /phpmyadmin/] miss
App 3018 stderr: cache: [HEAD /phpMyadmin/] miss
App 3018 stderr: cache: [HEAD /phpMyAdmin/] miss
App 3018 stderr: cache: [HEAD /phpmyAdmin/] miss
App 3018 stderr: cache: [HEAD /phpmyadmin2/] miss
App 3018 stderr: cache: [HEAD /phpmyadmin3/] miss
App 3018 stderr: cache: [HEAD /phpmyadmin4/] miss
App 3018 stderr: cache: [HEAD /2phpmyadmin/] miss
App 3018 stderr: cache: [HEAD /phpmy/] miss
App 3018 stderr: cache: [HEAD /phppma/] miss
App 3018 stderr: cache: [HEAD /myadmin/] miss
App 3018 stderr: cache: [HEAD /shopdb/] miss
App 3018 stderr: cache: [HEAD /MyAdmin/] miss
App 3018 stderr: cache: [HEAD /program/] miss
App 3018 stderr: cache: [HEAD /PMA/] miss
App 3018 stderr: cache: [HEAD /dbadmin/] miss
App 3018 stderr: cache: [HEAD /pma/] miss
App 3018 stderr: cache: [HEAD /db/] miss
App 3018 stderr: cache: [HEAD /admin/] miss
App 3018 stderr: cache: [HEAD /mysql/] miss
App 3018 stderr: cache: [HEAD /database/] miss
App 3018 stderr: cache: [HEAD /db/phpmyadmin/] miss
App 3018 stderr: cache: [HEAD /db/phpMyAdmin/] miss
App 3018 stderr: cache: [HEAD /sqlmanager/] miss
App 3018 stderr: cache: [HEAD /mysqlmanager/] miss
App 3018 stderr: cache: [HEAD /php-myadmin/] miss
App 3018 stderr: cache: [HEAD /phpmy-admin/] miss
App 3018 stderr: cache: [HEAD /mysqladmin/] miss
App 3018 stderr: cache: [HEAD /mysql-admin/] miss
App 3018 stderr: cache: [HEAD /admin/phpmyadmin/] miss
App 3018 stderr: cache: [HEAD /admin/phpMyAdmin/] miss
App 3018 stderr: cache: [HEAD /admin/sysadmin/] miss
App 3018 stderr: cache: [HEAD /admin/sqladmin/] miss
App 3018 stderr: cache: [HEAD /admin/db/] miss
App 3018 stderr: cache: [HEAD /admin/web/] miss
App 3018 stderr: cache: [HEAD /admin/pMA/] miss
App 3018 stderr: cache: [HEAD /mysql/pma/] miss
App 3018 stderr: cache: [HEAD /mysql/db/] miss
App 3018 stderr: cache: [HEAD /mysql/web/] miss
App 3018 stderr: cache: [HEAD /mysql/pMA/] miss
App 3018 stderr: cache: [HEAD /sql/phpmanager/] miss
App 3018 stderr: cache: [HEAD /sql/php-myadmin/] miss
App 3018 stderr: cache: [HEAD /sql/phpmy-admin/] miss
App 3018 stderr: cache: [HEAD /sql/sql/] miss
App 3018 stderr: cache: [HEAD /sql/myadmin/] miss
App 3018 stderr: cache: [HEAD /sql/webadmin/] miss
App 3018 stderr: cache: [HEAD /sql/sqlweb/] miss
App 3018 stderr: cache: [HEAD /sql/websql/] miss
App 3018 stderr: cache: [HEAD /sql/webdb/] miss
App 3018 stderr: cache: [HEAD /sql/sqladmin/] miss
App 3018 stderr: cache: [HEAD /sql/sql-admin/] miss
App 3018 stderr: cache: [HEAD /sql/phpmyadmin2/] miss
App 3018 stderr: cache: [HEAD /sql/phpMyAdmin2/] miss
App 3018 stderr: cache: [HEAD /sql/phpMyAdmin/] miss
App 3018 stderr: cache: [HEAD /db/myadmin/] miss
App 3018 stderr: cache: [HEAD /db/webadmin/] miss
App 3018 stderr: cache: [HEAD /db/dbweb/] miss
App 3018 stderr: cache: [HEAD /db/websql/] miss
App 3018 stderr: cache: [HEAD /db/webdb/] miss
App 3018 stderr: cache: [HEAD /db/dbadmin/] miss
App 3018 stderr: cache: [HEAD /db/db-admin/] miss
App 3018 stderr: cache: [HEAD /db/phpmyadmin3/] miss
App 3018 stderr: cache: [HEAD /db/phpMyAdmin3/] miss
App 3018 stderr: cache: [HEAD /db/phpMyAdmin-3/] miss
App 3018 stderr: cache: [HEAD /administrator/phpmyadmin/] miss
App 3018 stderr: cache: [HEAD /administrator/phpMyAdmin/] miss
App 3018 stderr: cache: [HEAD /administrator/db/] miss
App 3018 stderr: cache: [HEAD /administrator/web/] miss
App 3018 stderr: cache: [HEAD /administrator/pma/] miss
App 3018 stderr: cache: [HEAD /administrator/PMA/] miss
App 3018 stderr: cache: [HEAD /administrator/admin/] miss
App 3018 stderr: cache: [HEAD /phpMyAdmin2/] miss
App 3018 stderr: cache: [HEAD /phpMyAdmin3/] miss
App 3018 stderr: cache: [HEAD /phpMyAdmin4/] miss
App 3018 stderr: cache: [HEAD /phpMyAdmin-3/] miss
App 3018 stderr: cache: [HEAD /php-my-admin/] miss
App 3018 stderr: cache: [HEAD /PMA2011/] miss
App 3018 stderr: cache: [HEAD /PMA2012/] miss
App 3018 stderr: cache: [HEAD /PMA2013/] miss
App 3018 stderr: cache: [HEAD /PMA2014/] miss
App 3018 stderr: cache: [HEAD /PMA2015/] miss
App 3018 stderr: cache: [HEAD /PMA2016/] miss
App 3018 stderr: cache: [HEAD /PMA2017/] miss
App 3018 stderr: cache: [HEAD /PMA2018/] miss
App 3018 stderr: cache: [HEAD /pma2011/] miss
App 3018 stderr: cache: [HEAD /pma2012/] miss
App 3018 stderr: cache: [HEAD /pma2013/] miss
App 3018 stderr: cache: [HEAD /pma2014/] miss
App 3018 stderr: cache: [HEAD /pma2015/] miss
App 3018 stderr: cache: [HEAD /pma2016/] miss
App 3018 stderr: cache: [HEAD /pma2017/] miss
App 3018 stderr: cache: [HEAD /pma2018/] miss
App 3018 stderr: cache: [HEAD /phpmyadmin2011/] miss
App 3018 stderr: cache: [HEAD /phpmyadmin2012/] miss
App 3018 stderr: cache: [HEAD /phpmyadmin2013/] miss
App 3018 stderr: cache: [HEAD /phpmyadmin2014/] miss
App 3018 stderr: cache: [HEAD /phpmyadmin2016/] miss
App 3018 stderr: cache: [HEAD /phpmyadmin2017/] miss
App 3018 stderr: cache: [HEAD /phpmyadmin2018/] miss
App 3018 stderr: cache: [HEAD /phpmanager/] miss
App 3018 stderr: cache: [HEAD /mysql/admin/] miss
App 3018 stderr: cache: [HEAD /mysql/dbadmin/] miss
App 3018 stderr: cache: [HEAD /mysql/sqlmanager/] miss
App 3018 stderr: cache: [HEAD /mysql/mysqlmanager/] miss
App 3018 stderr: cache: [HEAD /phpmyadmin/] miss
App 3018 stderr: cache: [HEAD /phpMyadmin/] miss
App 3018 stderr: cache: [HEAD /phpMyAdmin/] miss
App 3018 stderr: cache: [HEAD /phpmyAdmin/] miss
App 3018 stderr: cache: [HEAD /phpmyadmin2/] miss
App 3018 stderr: cache: [HEAD /phpmyadmin3/] miss
App 3018 stderr: cache: [HEAD /phpmyadmin4/] miss
App 3018 stderr: cache: [HEAD /2phpmyadmin/] miss
App 3018 stderr: cache: [HEAD /phpmy/] miss
App 3018 stderr: cache: [HEAD /phppma/] miss
App 3018 stderr: cache: [HEAD /myadmin/] miss
App 3018 stderr: cache: [HEAD /shopdb/] miss
App 3018 stderr: cache: [HEAD /MyAdmin/] miss
App 3018 stderr: cache: [HEAD /program/] miss
App 3018 stderr: cache: [HEAD /PMA/] miss
App 3018 stderr: cache: [HEAD /dbadmin/] miss
App 3018 stderr: cache: [HEAD /pma/] miss
App 3018 stderr: cache: [HEAD /db/] miss
App 3018 stderr: cache: [HEAD /admin/] miss
App 3018 stderr: cache: [HEAD /mysql/] miss
App 3018 stderr: cache: [HEAD /database/] miss
App 3018 stderr: cache: [HEAD /db/phpmyadmin/] miss
App 3018 stderr: cache: [HEAD /db/phpMyAdmin/] miss
App 3018 stderr: cache: [HEAD /sqlmanager/] miss
App 3018 stderr: cache: [HEAD /mysqlmanager/] miss
App 3018 stderr: cache: [HEAD /php-myadmin/] miss
App 3018 stderr: cache: [HEAD /phpmy-admin/] miss
App 3018 stderr: cache: [HEAD /mysqladmin/] miss
App 3018 stderr: cache: [HEAD /mysql-admin/] miss
App 3018 stderr: cache: [HEAD /admin/phpmyadmin/] miss
App 3018 stderr: cache: [HEAD /admin/phpMyAdmin/] miss
App 3018 stderr: cache: [HEAD /admin/sysadmin/] miss
App 3018 stderr: cache: [HEAD /admin/sqladmin/] miss
App 3018 stderr: cache: [HEAD /admin/db/] miss
App 3018 stderr: cache: [HEAD /admin/web/] miss
App 3018 stderr: cache: [HEAD /admin/pMA/] miss
App 3018 stderr: cache: [HEAD /mysql/pma/] miss
App 3018 stderr: cache: [HEAD /mysql/db/] miss
App 3018 stderr: cache: [HEAD /mysql/web/] miss
App 3018 stderr: cache: [HEAD /mysql/pMA/] miss
App 3018 stderr: cache: [HEAD /sql/phpmanager/] miss
App 3018 stderr: cache: [HEAD /sql/php-myadmin/] miss
App 3018 stderr: cache: [HEAD /sql/phpmy-admin/] miss
App 3018 stderr: cache: [HEAD /sql/sql/] miss
App 3018 stderr: cache: [HEAD /sql/myadmin/] miss
App 3018 stderr: cache: [HEAD /sql/webadmin/] miss
App 3018 stderr: cache: [HEAD /sql/sqlweb/] miss
App 3018 stderr: cache: [HEAD /sql/websql/] miss
App 3018 stderr: cache: [HEAD /sql/webdb/] miss
App 3018 stderr: cache: [HEAD /sql/sqladmin/] miss
App 3018 stderr: cache: [HEAD /sql/sql-admin/] miss
App 3018 stderr: cache: [HEAD /sql/phpmyadmin2/] miss
App 3018 stderr: cache: [HEAD /sql/phpMyAdmin2/] miss
App 3018 stderr: cache: [HEAD /sql/phpMyAdmin/] miss
App 3018 stderr: cache: [HEAD /db/myadmin/] miss
App 3018 stderr: cache: [HEAD /db/webadmin/] miss
App 3018 stderr: cache: [HEAD /db/dbweb/] miss
App 3018 stderr: cache: [HEAD /db/websql/] miss
App 3018 stderr: cache: [HEAD /db/webdb/] miss
App 3018 stderr: cache: [HEAD /db/dbadmin/] miss
App 3018 stderr: cache: [HEAD /db/db-admin/] miss
App 3018 stderr: cache: [HEAD /db/phpmyadmin3/] miss
App 3018 stderr: cache: [HEAD /db/phpMyAdmin3/] miss
App 3018 stderr: cache: [HEAD /db/phpMyAdmin-3/] miss
App 3018 stderr: cache: [HEAD /administrator/phpmyadmin/] miss
App 3018 stderr: cache: [HEAD /administrator/phpMyAdmin/] miss
App 3018 stderr: cache: [HEAD /administrator/db/] miss
App 3018 stderr: cache: [HEAD /administrator/web/] miss
App 3018 stderr: cache: [HEAD /administrator/pma/] miss
App 3018 stderr: cache: [HEAD /administrator/PMA/] miss
App 3018 stderr: cache: [HEAD /administrator/admin/] miss
App 3018 stderr: cache: [HEAD /phpMyAdmin2/] miss
App 3018 stderr: cache: [HEAD /phpMyAdmin3/] miss
App 3018 stderr: cache: [HEAD /phpMyAdmin4/] miss
App 3018 stderr: cache: [HEAD /phpMyAdmin-3/] miss
App 3018 stderr: cache: [HEAD /php-my-admin/] miss
App 3018 stderr: cache: [HEAD /PMA2011/] miss
App 3018 stderr: cache: [HEAD /PMA2012/] miss
App 3018 stderr: cache: [HEAD /PMA2013/] miss
App 3018 stderr: cache: [HEAD /PMA2014/] miss
App 3018 stderr: cache: [HEAD /PMA2015/] miss
App 3018 stderr: cache: [HEAD /PMA2016/] miss
App 3018 stderr: cache: [HEAD /PMA2017/] miss
App 3018 stderr: cache: [HEAD /PMA2018/] miss
App 3018 stderr: cache: [HEAD /pma2011/] miss
App 3018 stderr: cache: [HEAD /pma2012/] miss
App 3018 stderr: cache: [HEAD /pma2013/] miss
App 3018 stderr: cache: [HEAD /pma2014/] miss
App 3018 stderr: cache: [HEAD /pma2015/] miss
App 3018 stderr: cache: [HEAD /pma2016/] miss
App 3018 stderr: cache: [HEAD /pma2017/] miss
App 3018 stderr: cache: [HEAD /pma2018/] miss
App 3018 stderr: cache: [HEAD /phpmyadmin2011/] miss
App 3018 stderr: cache: [HEAD /phpmyadmin2012/] miss
App 3018 stderr: cache: [HEAD /phpmyadmin2013/] miss
App 3018 stderr: cache: [HEAD /phpmyadmin2014/] miss
App 3018 stderr: cache: [HEAD /phpmyadmin2016/] miss
App 3018 stderr: cache: [HEAD /phpmyadmin2017/] miss
App 3018 stderr: cache: [HEAD /phpmyadmin2018/] miss
App 3018 stderr: cache: [HEAD /phpmanager/] miss
App 3018 stderr: cache: [HEAD /mysql/admin/] miss
App 3018 stderr: cache: [HEAD /mysql/dbadmin/] miss
App 3018 stderr: cache: [HEAD /mysql/sqlmanager/] miss
App 3018 stderr: cache: [HEAD /mysql/mysqlmanager/] miss
App 3018 stderr: cache: [HEAD /phpmyadmin/] miss
App 3018 stderr: cache: [HEAD /phpMyadmin/] miss
App 3018 stderr: cache: [HEAD /phpMyAdmin/] miss
App 3018 stderr: cache: [HEAD /phpmyAdmin/] miss
App 3018 stderr: cache: [HEAD /phpmyadmin2/] miss
App 3018 stderr: cache: [HEAD /phpmyadmin3/] miss
App 3018 stderr: cache: [HEAD /phpmyadmin4/] miss
App 3018 stderr: cache: [HEAD /2phpmyadmin/] miss
App 3018 stderr: cache: [HEAD /phpmy/] miss
App 3018 stderr: cache: [HEAD /phppma/] miss
App 3018 stderr: cache: [HEAD /myadmin/] miss
App 3018 stderr: cache: [HEAD /shopdb/] miss
App 3018 stderr: cache: [HEAD /MyAdmin/] miss
App 3018 stderr: cache: [HEAD /program/] miss
App 3018 stderr: cache: [HEAD /PMA/] miss
App 3018 stderr: cache: [HEAD /dbadmin/] miss
App 3018 stderr: cache: [HEAD /pma/] miss
App 3018 stderr: cache: [HEAD /db/] miss
App 3018 stderr: cache: [HEAD /admin/] miss
App 3018 stderr: cache: [HEAD /mysql/] miss
App 3018 stderr: cache: [HEAD /database/] miss
App 3018 stderr: cache: [HEAD /db/phpmyadmin/] miss
App 3018 stderr: cache: [HEAD /db/phpMyAdmin/] miss
App 3018 stderr: cache: [HEAD /sqlmanager/] miss
App 3018 stderr: cache: [HEAD /mysqlmanager/] miss
App 3018 stderr: cache: [HEAD /php-myadmin/] miss
App 3018 stderr: cache: [HEAD /phpmy-admin/] miss
App 3018 stderr: cache: [HEAD /mysqladmin/] miss
App 3018 stderr: cache: [HEAD /mysql-admin/] miss
App 3018 stderr: cache: [HEAD /admin/phpmyadmin/] miss
App 3018 stderr: cache: [HEAD /admin/phpMyAdmin/] miss
App 3018 stderr: cache: [HEAD /admin/sysadmin/] miss
App 3018 stderr: cache: [HEAD /admin/sqladmin/] miss
App 3018 stderr: cache: [HEAD /admin/db/] miss
App 3018 stderr: cache: [HEAD /admin/web/] miss
App 3018 stderr: cache: [HEAD /admin/pMA/] miss
App 3018 stderr: cache: [HEAD /mysql/pma/] miss
App 3018 stderr: cache: [HEAD /mysql/db/] miss
App 3018 stderr: cache: [HEAD /mysql/web/] miss
App 3018 stderr: cache: [HEAD /mysql/pMA/] miss
App 3018 stderr: cache: [HEAD /sql/phpmanager/] miss
App 3018 stderr: cache: [HEAD /sql/php-myadmin/] miss
App 3018 stderr: cache: [HEAD /sql/phpmy-admin/] miss
App 3018 stderr: cache: [HEAD /sql/sql/] miss
App 3018 stderr: cache: [HEAD /sql/myadmin/] miss
App 3018 stderr: cache: [HEAD /sql/webadmin/] miss
App 3018 stderr: cache: [HEAD /sql/sqlweb/] miss
App 3018 stderr: cache: [HEAD /sql/websql/] miss
App 3018 stderr: cache: [HEAD /sql/webdb/] miss
App 3018 stderr: cache: [HEAD /sql/sqladmin/] miss
App 3018 stderr: cache: [HEAD /sql/sql-admin/] miss
App 3018 stderr: cache: [HEAD /sql/phpmyadmin2/] miss
App 3018 stderr: cache: [HEAD /sql/phpMyAdmin2/] miss
App 3018 stderr: cache: [HEAD /sql/phpMyAdmin/] miss
App 3018 stderr: cache: [HEAD /db/myadmin/] miss
App 3018 stderr: cache: [HEAD /db/webadmin/] miss
App 3018 stderr: cache: [HEAD /db/dbweb/] miss
App 3018 stderr: cache: [HEAD /db/websql/] miss
App 3018 stderr: cache: [HEAD /db/webdb/] miss
App 3018 stderr: cache: [HEAD /db/dbadmin/] miss
App 3018 stderr: cache: [HEAD /db/db-admin/] miss
App 3018 stderr: cache: [HEAD /db/phpmyadmin3/] miss
App 3018 stderr: cache: [HEAD /db/phpMyAdmin3/] miss
App 3018 stderr: cache: [HEAD /db/phpMyAdmin-3/] miss
App 3018 stderr: cache: [HEAD /administrator/phpmyadmin/] miss
App 3018 stderr: cache: [HEAD /administrator/phpMyAdmin/] miss
App 3018 stderr: cache: [HEAD /administrator/db/] miss
App 3018 stderr: cache: [HEAD /administrator/web/] miss
App 3018 stderr: cache: [HEAD /administrator/pma/] miss
App 3018 stderr: cache: [HEAD /administrator/PMA/] miss
App 3018 stderr: cache: [HEAD /administrator/admin/] miss
App 3018 stderr: cache: [HEAD /phpMyAdmin2/] miss
App 3018 stderr: cache: [HEAD /phpMyAdmin3/] miss
App 3018 stderr: cache: [HEAD /phpMyAdmin4/] miss
App 3018 stderr: cache: [HEAD /phpMyAdmin-3/] miss
App 3018 stderr: cache: [HEAD /php-my-admin/] miss
App 3018 stderr: cache: [HEAD /PMA2011/] miss
App 3018 stderr: cache: [HEAD /PMA2012/] miss
App 3018 stderr: cache: [HEAD /PMA2013/] miss
App 3018 stderr: cache: [HEAD /PMA2014/] miss
App 3018 stderr: cache: [HEAD /PMA2015/] miss
App 3018 stderr: cache: [HEAD /PMA2016/] miss
App 3018 stderr: cache: [HEAD /PMA2017/] miss
App 3018 stderr: cache: [HEAD /PMA2018/] miss
App 3018 stderr: cache: [HEAD /pma2011/] miss
App 3018 stderr: cache: [HEAD /pma2012/] miss
App 3018 stderr: cache: [HEAD /pma2013/] miss
App 3018 stderr: cache: [HEAD /pma2014/] miss
App 3018 stderr: cache: [HEAD /pma2015/] miss
App 3018 stderr: cache: [HEAD /pma2016/] miss
App 3018 stderr: cache: [HEAD /pma2017/] miss
App 3018 stderr: cache: [HEAD /pma2018/] miss
App 3018 stderr: cache: [HEAD /phpmyadmin2011/] miss
App 3018 stderr: cache: [HEAD /phpmyadmin2012/] miss
App 3018 stderr: cache: [HEAD /phpmyadmin2013/] miss
App 3018 stderr: cache: [HEAD /phpmyadmin2014/] miss
App 3018 stderr: cache: [HEAD /phpmyadmin2016/] miss
App 3018 stderr: cache: [HEAD /phpmyadmin2017/] miss
App 3018 stderr: cache: [HEAD /phpmyadmin2018/] miss
App 3018 stderr: cache: [HEAD /phpmanager/] miss
App 3018 stderr: cache: [GET /] miss
App 3018 stderr: cache: [HEAD /mysql/admin/] miss
App 3018 stderr: cache: [HEAD /mysql/dbadmin/] miss
App 3018 stderr: cache: [HEAD /mysql/sqlmanager/] miss
App 3018 stderr: cache: [HEAD /mysql/mysqlmanager/] miss
App 3018 stderr: cache: [HEAD /phpmyadmin/] miss
App 3018 stderr: cache: [HEAD /phpMyadmin/] miss
App 3018 stderr: cache: [HEAD /phpMyAdmin/] miss
App 3018 stderr: cache: [HEAD /phpmyAdmin/] miss
App 3018 stderr: cache: [HEAD /phpmyadmin2/] miss
App 3018 stderr: cache: [HEAD /phpmyadmin3/] miss
App 3018 stderr: cache: [HEAD /phpmyadmin4/] miss
App 3018 stderr: cache: [HEAD /2phpmyadmin/] miss
App 3018 stderr: cache: [HEAD /phpmy/] miss
App 3018 stderr: cache: [HEAD /phppma/] miss
App 3018 stderr: cache: [HEAD /myadmin/] miss
App 3018 stderr: cache: [HEAD /shopdb/] miss
App 3018 stderr: cache: [HEAD /MyAdmin/] miss
App 3018 stderr: cache: [HEAD /program/] miss
App 3018 stderr: cache: [HEAD /PMA/] miss
App 3018 stderr: cache: [HEAD /dbadmin/] miss
App 3018 stderr: cache: [HEAD /pma/] miss
App 3018 stderr: cache: [HEAD /db/] miss
App 3018 stderr: cache: [HEAD /admin/] miss
App 3018 stderr: cache: [HEAD /mysql/] miss
App 3018 stderr: cache: [HEAD /database/] miss
App 3018 stderr: cache: [HEAD /db/phpmyadmin/] miss
App 3018 stderr: cache: [HEAD /db/phpMyAdmin/] miss
App 3018 stderr: cache: [HEAD /sqlmanager/] miss
App 3018 stderr: cache: [HEAD /mysqlmanager/] miss
App 3018 stderr: cache: [HEAD /php-myadmin/] miss
App 3018 stderr: cache: [HEAD /phpmy-admin/] miss
App 3018 stderr: cache: [HEAD /mysqladmin/] miss
App 3018 stderr: cache: [HEAD /mysql-admin/] miss
App 3018 stderr: cache: [HEAD /admin/phpmyadmin/] miss
App 3018 stderr: cache: [HEAD /admin/phpMyAdmin/] miss
App 3018 stderr: cache: [HEAD /admin/sysadmin/] miss
App 3018 stderr: cache: [HEAD /admin/sqladmin/] miss
App 3018 stderr: cache: [HEAD /admin/db/] miss
App 3018 stderr: cache: [HEAD /admin/web/] miss
App 3018 stderr: cache: [HEAD /admin/pMA/] miss
App 3018 stderr: cache: [HEAD /mysql/pma/] miss
App 3018 stderr: cache: [HEAD /mysql/db/] miss
App 3018 stderr: cache: [HEAD /mysql/web/] miss
App 3018 stderr: cache: [HEAD /mysql/pMA/] miss
App 3018 stderr: cache: [HEAD /sql/phpmanager/] miss
App 3018 stderr: cache: [HEAD /sql/php-myadmin/] miss
App 3018 stderr: cache: [HEAD /sql/phpmy-admin/] miss
App 3018 stderr: cache: [HEAD /sql/sql/] miss
App 3018 stderr: cache: [HEAD /sql/myadmin/] miss
App 3018 stderr: cache: [HEAD /sql/webadmin/] miss
App 3018 stderr: cache: [HEAD /sql/sqlweb/] miss
App 3018 stderr: cache: [HEAD /sql/websql/] miss
App 3018 stderr: cache: [HEAD /sql/webdb/] miss
App 3018 stderr: cache: [HEAD /sql/sqladmin/] miss
App 3018 stderr: cache: [HEAD /sql/sql-admin/] miss
App 3018 stderr: cache: [HEAD /sql/phpmyadmin2/] miss
App 3018 stderr: cache: [HEAD /sql/phpMyAdmin2/] miss
App 3018 stderr: cache: [HEAD /sql/phpMyAdmin/] miss
App 3018 stderr: cache: [HEAD /db/myadmin/] miss
App 3018 stderr: cache: [HEAD /db/webadmin/] miss
App 3018 stderr: cache: [HEAD /db/dbweb/] miss
App 3018 stderr: cache: [HEAD /db/websql/] miss
App 3018 stderr: cache: [HEAD /db/webdb/] miss
App 3018 stderr: cache: [HEAD /db/dbadmin/] miss
App 3018 stderr: cache: [HEAD /db/db-admin/] miss
App 3018 stderr: cache: [HEAD /db/phpmyadmin3/] miss
App 3018 stderr: cache: [HEAD /db/phpMyAdmin3/] miss
App 3018 stderr: cache: [HEAD /db/phpMyAdmin-3/] miss
App 3018 stderr: cache: [HEAD /administrator/phpmyadmin/] miss
App 3018 stderr: cache: [HEAD /administrator/phpMyAdmin/] miss
App 3018 stderr: cache: [HEAD /administrator/db/] miss
App 3018 stderr: cache: [HEAD /administrator/web/] miss
App 3018 stderr: cache: [HEAD /administrator/pma/] miss
App 3018 stderr: cache: [HEAD /administrator/PMA/] miss
App 3018 stderr: cache: [HEAD /administrator/admin/] miss
App 3018 stderr: cache: [HEAD /phpMyAdmin2/] miss
App 3018 stderr: cache: [HEAD /phpMyAdmin3/] miss
App 3018 stderr: cache: [HEAD /phpMyAdmin4/] miss
App 3018 stderr: cache: [HEAD /phpMyAdmin-3/] miss
App 3018 stderr: cache: [HEAD /php-my-admin/] miss
App 3018 stderr: cache: [HEAD /PMA2011/] miss
App 3018 stderr: cache: [HEAD /PMA2012/] miss
App 3018 stderr: cache: [HEAD /PMA2013/] miss
App 3018 stderr: cache: [HEAD /PMA2014/] miss
App 3018 stderr: cache: [HEAD /PMA2015/] miss
App 3018 stderr: cache: [HEAD /PMA2016/] miss
App 3018 stderr: cache: [HEAD /PMA2017/] miss
App 3018 stderr: cache: [HEAD /PMA2018/] miss
App 3018 stderr: cache: [HEAD /pma2011/] miss
App 3018 stderr: cache: [HEAD /pma2012/] miss
App 3018 stderr: cache: [HEAD /pma2013/] miss
App 3018 stderr: cache: [HEAD /pma2014/] miss
App 3018 stderr: cache: [HEAD /pma2015/] miss
App 3018 stderr: cache: [HEAD /pma2016/] miss
App 3018 stderr: cache: [HEAD /pma2017/] miss
App 3018 stderr: cache: [HEAD /pma2018/] miss
App 3018 stderr: cache: [HEAD /phpmyadmin2011/] miss
App 3018 stderr: cache: [HEAD /phpmyadmin2012/] miss
App 3018 stderr: cache: [HEAD /phpmyadmin2013/] miss
App 3018 stderr: cache: [HEAD /phpmyadmin2014/] miss
App 3018 stderr: cache: [HEAD /phpmyadmin2016/] miss
App 3018 stderr: cache: [HEAD /phpmyadmin2017/] miss
App 3018 stderr: cache: [HEAD /phpmyadmin2018/] miss
App 3018 stderr: cache: [HEAD /phpmanager/] miss
App 3018 stderr: cache: [GET /] miss
App 3018 stderr: cache: [GET /] miss
App 3018 stderr: cache: [GET /] miss
[ 2017-07-01 04:44:12.0201 2981/7f6af4f57700 age/Cor/SecurityUpdateChecker.h:356 ]: Security update check: no update found (next check in 24 hours)
App 3018 stderr: cache: [HEAD /mysql/admin/] miss
App 3018 stderr: cache: [HEAD /mysql/dbadmin/] miss
App 3018 stderr: cache: [HEAD /mysql/sqlmanager/] miss
App 3018 stderr: cache: [HEAD /mysql/mysqlmanager/] miss
App 3018 stderr: cache: [HEAD /phpmyadmin/] miss
App 3018 stderr: cache: [HEAD /phpMyadmin/] miss
App 3018 stderr: cache: [HEAD /phpMyAdmin/] miss
App 3018 stderr: cache: [HEAD /phpmyAdmin/] miss
App 3018 stderr: cache: [HEAD /phpmyadmin2/] miss
App 3018 stderr: cache: [HEAD /phpmyadmin3/] miss
App 3018 stderr: cache: [HEAD /phpmyadmin4/] miss
App 3018 stderr: cache: [HEAD /2phpmyadmin/] miss
App 3018 stderr: cache: [HEAD /phpmy/] miss
App 3018 stderr: cache: [HEAD /phppma/] miss
App 3018 stderr: cache: [HEAD /myadmin/] miss
App 3018 stderr: cache: [HEAD /shopdb/] miss
App 3018 stderr: cache: [HEAD /MyAdmin/] miss
App 3018 stderr: cache: [HEAD /program/] miss
App 3018 stderr: cache: [HEAD /PMA/] miss
App 3018 stderr: cache: [HEAD /dbadmin/] miss
App 3018 stderr: cache: [HEAD /pma/] miss
App 3018 stderr: cache: [HEAD /db/] miss
App 3018 stderr: cache: [HEAD /admin/] miss
App 3018 stderr: cache: [HEAD /mysql/] miss
App 3018 stderr: cache: [HEAD /database/] miss
App 3018 stderr: cache: [HEAD /db/phpmyadmin/] miss
App 3018 stderr: cache: [HEAD /db/phpMyAdmin/] miss
App 3018 stderr: cache: [HEAD /sqlmanager/] miss
App 3018 stderr: cache: [HEAD /mysqlmanager/] miss
App 3018 stderr: cache: [HEAD /php-myadmin/] miss
App 3018 stderr: cache: [HEAD /phpmy-admin/] miss
App 3018 stderr: cache: [HEAD /mysqladmin/] miss
App 3018 stderr: cache: [HEAD /mysql-admin/] miss
App 3018 stderr: cache: [HEAD /admin/phpmyadmin/] miss
App 3018 stderr: cache: [HEAD /admin/phpMyAdmin/] miss
App 3018 stderr: cache: [HEAD /admin/sysadmin/] miss
App 3018 stderr: cache: [HEAD /admin/sqladmin/] miss
App 3018 stderr: cache: [HEAD /admin/db/] miss
App 3018 stderr: cache: [HEAD /admin/web/] miss
App 3018 stderr: cache: [HEAD /admin/pMA/] miss
App 3018 stderr: cache: [HEAD /mysql/pma/] miss
App 3018 stderr: cache: [HEAD /mysql/db/] miss
App 3018 stderr: cache: [HEAD /mysql/web/] miss
App 3018 stderr: cache: [HEAD /mysql/pMA/] miss
App 3018 stderr: cache: [HEAD /sql/phpmanager/] miss
App 3018 stderr: cache: [HEAD /sql/php-myadmin/] miss
App 3018 stderr: cache: [HEAD /sql/phpmy-admin/] miss
App 3018 stderr: cache: [HEAD /sql/sql/] miss
App 3018 stderr: cache: [HEAD /sql/myadmin/] miss
App 3018 stderr: cache: [HEAD /sql/webadmin/] miss
App 3018 stderr: cache: [HEAD /sql/sqlweb/] miss
App 3018 stderr: cache: [HEAD /sql/websql/] miss
App 3018 stderr: cache: [HEAD /sql/webdb/] miss
App 3018 stderr: cache: [HEAD /sql/sqladmin/] miss
App 3018 stderr: cache: [HEAD /sql/sql-admin/] miss
App 3018 stderr: cache: [HEAD /sql/phpmyadmin2/] miss
App 3018 stderr: cache: [HEAD /sql/phpMyAdmin2/] miss
App 3018 stderr: cache: [HEAD /sql/phpMyAdmin/] miss
App 3018 stderr: cache: [HEAD /db/myadmin/] miss
App 3018 stderr: cache: [HEAD /db/webadmin/] miss
App 3018 stderr: cache: [HEAD /db/dbweb/] miss
App 3018 stderr: cache: [HEAD /db/websql/] miss
App 3018 stderr: cache: [HEAD /db/webdb/] miss
App 3018 stderr: cache: [HEAD /db/dbadmin/] miss
App 3018 stderr: cache: [HEAD /db/db-admin/] miss
App 3018 stderr: cache: [HEAD /db/phpmyadmin3/] miss
App 3018 stderr: cache: [HEAD /db/phpMyAdmin3/] miss
App 3018 stderr: cache: [HEAD /db/phpMyAdmin-3/] miss
App 3018 stderr: cache: [HEAD /administrator/phpmyadmin/] miss
App 3018 stderr: cache: [HEAD /administrator/phpMyAdmin/] miss
App 3018 stderr: cache: [HEAD /administrator/db/] miss
App 3018 stderr: cache: [HEAD /administrator/web/] miss
App 3018 stderr: cache: [HEAD /administrator/pma/] miss
App 3018 stderr: cache: [HEAD /administrator/PMA/] miss
App 3018 stderr: cache: [HEAD /administrator/admin/] miss
App 3018 stderr: cache: [HEAD /phpMyAdmin2/] miss
App 3018 stderr: cache: [HEAD /phpMyAdmin3/] miss
App 3018 stderr: cache: [HEAD /phpMyAdmin4/] miss
App 3018 stderr: cache: [HEAD /phpMyAdmin-3/] miss
App 3018 stderr: cache: [HEAD /php-my-admin/] miss
App 3018 stderr: cache: [HEAD /PMA2011/] miss
App 3018 stderr: cache: [HEAD /PMA2012/] miss
App 3018 stderr: cache: [HEAD /PMA2013/] miss
App 3018 stderr: cache: [HEAD /PMA2014/] miss
App 3018 stderr: cache: [HEAD /PMA2015/] miss
App 3018 stderr: cache: [HEAD /PMA2016/] miss
App 3018 stderr: cache: [HEAD /PMA2017/] miss
App 3018 stderr: cache: [HEAD /PMA2018/] miss
App 3018 stderr: cache: [HEAD /pma2011/] miss
App 3018 stderr: cache: [HEAD /pma2012/] miss
App 3018 stderr: cache: [HEAD /pma2013/] miss
App 3018 stderr: cache: [HEAD /pma2014/] miss
App 3018 stderr: cache: [HEAD /pma2015/] miss
App 3018 stderr: cache: [HEAD /pma2016/] miss
App 3018 stderr: cache: [HEAD /pma2017/] miss
App 3018 stderr: cache: [HEAD /pma2018/] miss
App 3018 stderr: cache: [HEAD /phpmyadmin2011/] miss
App 3018 stderr: cache: [HEAD /phpmyadmin2012/] miss
App 3018 stderr: cache: [HEAD /phpmyadmin2013/] miss
App 3018 stderr: cache: [HEAD /phpmyadmin2014/] miss
App 3018 stderr: cache: [HEAD /phpmyadmin2016/] miss
App 3018 stderr: cache: [HEAD /phpmyadmin2017/] miss
App 3018 stderr: cache: [HEAD /phpmyadmin2018/] miss
App 3018 stderr: cache: [HEAD /phpmanager/] miss
App 3018 stderr: cache: [GET /] miss
App 3018 stderr: cache: [GET /] miss
App 3018 stderr: cache: [GET /] miss
App 3018 stderr: cache: [GET /] miss
App 3018 stderr: cache: [GET /wp-login.php] miss
App 3018 stderr: cache: [GET /administrator/index.php] miss
App 3018 stderr: cache: [GET /] miss
App 3018 stderr: cache: [HEAD /mysql/admin/] miss
App 3018 stderr: cache: [HEAD /mysql/dbadmin/] miss
App 3018 stderr: cache: [HEAD /mysql/sqlmanager/] miss
App 3018 stderr: cache: [HEAD /mysql/mysqlmanager/] miss
App 3018 stderr: cache: [HEAD /phpmyadmin/] miss
App 3018 stderr: cache: [HEAD /phpMyadmin/] miss
App 3018 stderr: cache: [HEAD /phpMyAdmin/] miss
App 3018 stderr: cache: [HEAD /phpmyAdmin/] miss
App 3018 stderr: cache: [HEAD /phpmyadmin2/] miss
App 3018 stderr: cache: [HEAD /phpmyadmin3/] miss
App 3018 stderr: cache: [HEAD /phpmyadmin4/] miss
App 3018 stderr: cache: [HEAD /2phpmyadmin/] miss
App 3018 stderr: cache: [HEAD /phpmy/] miss
App 3018 stderr: cache: [HEAD /phppma/] miss
App 3018 stderr: cache: [HEAD /myadmin/] miss
App 3018 stderr: cache: [HEAD /shopdb/] miss
App 3018 stderr: cache: [HEAD /MyAdmin/] miss
App 3018 stderr: cache: [HEAD /program/] miss
App 3018 stderr: cache: [HEAD /PMA/] miss
App 3018 stderr: cache: [HEAD /dbadmin/] miss
App 3018 stderr: cache: [HEAD /pma/] miss
App 3018 stderr: cache: [HEAD /db/] miss
App 3018 stderr: cache: [HEAD /admin/] miss
App 3018 stderr: cache: [HEAD /mysql/] miss
App 3018 stderr: cache: [HEAD /database/] miss
App 3018 stderr: cache: [HEAD /db/phpmyadmin/] miss
App 3018 stderr: cache: [HEAD /db/phpMyAdmin/] miss
App 3018 stderr: cache: [HEAD /sqlmanager/] miss
App 3018 stderr: cache: [HEAD /mysqlmanager/] miss
App 3018 stderr: cache: [HEAD /php-myadmin/] miss
App 3018 stderr: cache: [HEAD /phpmy-admin/] miss
App 3018 stderr: cache: [HEAD /mysqladmin/] miss
App 3018 stderr: cache: [HEAD /mysql-admin/] miss
App 3018 stderr: cache: [HEAD /admin/phpmyadmin/] miss
App 3018 stderr: cache: [HEAD /admin/phpMyAdmin/] miss
App 3018 stderr: cache: [HEAD /admin/sysadmin/] miss
App 3018 stderr: cache: [HEAD /admin/sqladmin/] miss
App 3018 stderr: cache: [HEAD /admin/db/] miss
App 3018 stderr: cache: [HEAD /admin/web/] miss
App 3018 stderr: cache: [HEAD /admin/pMA/] miss
App 3018 stderr: cache: [HEAD /mysql/pma/] miss
App 3018 stderr: cache: [HEAD /mysql/db/] miss
App 3018 stderr: cache: [HEAD /mysql/web/] miss
App 3018 stderr: cache: [HEAD /mysql/pMA/] miss
App 3018 stderr: cache: [HEAD /sql/phpmanager/] miss
App 3018 stderr: cache: [HEAD /sql/php-myadmin/] miss
App 3018 stderr: cache: [HEAD /sql/phpmy-admin/] miss
App 3018 stderr: cache: [HEAD /sql/sql/] miss
App 3018 stderr: cache: [HEAD /sql/myadmin/] miss
App 3018 stderr: cache: [HEAD /sql/webadmin/] miss
App 3018 stderr: cache: [HEAD /sql/sqlweb/] miss
App 3018 stderr: cache: [HEAD /sql/websql/] miss
App 3018 stderr: cache: [HEAD /sql/webdb/] miss
App 3018 stderr: cache: [HEAD /sql/sqladmin/] miss
App 3018 stderr: cache: [HEAD /sql/sql-admin/] miss
App 3018 stderr: cache: [HEAD /sql/phpmyadmin2/] miss
App 3018 stderr: cache: [HEAD /sql/phpMyAdmin2/] miss
App 3018 stderr: cache: [HEAD /sql/phpMyAdmin/] miss
App 3018 stderr: cache: [HEAD /db/myadmin/] miss
App 3018 stderr: cache: [HEAD /db/webadmin/] miss
App 3018 stderr: cache: [HEAD /db/dbweb/] miss
App 3018 stderr: cache: [HEAD /db/websql/] miss
App 3018 stderr: cache: [HEAD /db/webdb/] miss
App 3018 stderr: cache: [HEAD /db/dbadmin/] miss
App 3018 stderr: cache: [HEAD /db/db-admin/] miss
App 3018 stderr: cache: [HEAD /db/phpmyadmin3/] miss
App 3018 stderr: cache: [HEAD /db/phpMyAdmin3/] miss
App 3018 stderr: cache: [HEAD /db/phpMyAdmin-3/] miss
App 3018 stderr: cache: [HEAD /administrator/phpmyadmin/] miss
App 3018 stderr: cache: [HEAD /administrator/phpMyAdmin/] miss
App 3018 stderr: cache: [HEAD /administrator/db/] miss
App 3018 stderr: cache: [HEAD /administrator/web/] miss
App 3018 stderr: cache: [HEAD /administrator/pma/] miss
App 3018 stderr: cache: [HEAD /administrator/PMA/] miss
App 3018 stderr: cache: [HEAD /administrator/admin/] miss
App 3018 stderr: cache: [HEAD /phpMyAdmin2/] miss
App 3018 stderr: cache: [HEAD /phpMyAdmin3/] miss
App 3018 stderr: cache: [HEAD /phpMyAdmin4/] miss
App 3018 stderr: cache: [HEAD /phpMyAdmin-3/] miss
App 3018 stderr: cache: [HEAD /php-my-admin/] miss
App 3018 stderr: cache: [HEAD /PMA2011/] miss
App 3018 stderr: cache: [HEAD /PMA2012/] miss
App 3018 stderr: cache: [HEAD /PMA2013/] miss
App 3018 stderr: cache: [HEAD /PMA2014/] miss
App 3018 stderr: cache: [HEAD /PMA2015/] miss
App 3018 stderr: cache: [HEAD /PMA2016/] miss
App 3018 stderr: cache: [HEAD /PMA2017/] miss
App 3018 stderr: cache: [HEAD /PMA2018/] miss
App 3018 stderr: cache: [HEAD /pma2011/] miss
App 3018 stderr: cache: [HEAD /pma2012/] miss
App 3018 stderr: cache: [HEAD /pma2013/] miss
App 3018 stderr: cache: [HEAD /pma2014/] miss
App 3018 stderr: cache: [HEAD /pma2015/] miss
App 3018 stderr: cache: [HEAD /pma2016/] miss
App 3018 stderr: cache: [HEAD /pma2017/] miss
App 3018 stderr: cache: [HEAD /pma2018/] miss
App 3018 stderr: cache: [HEAD /phpmyadmin2011/] miss
App 3018 stderr: cache: [HEAD /phpmyadmin2012/] miss
App 3018 stderr: cache: [HEAD /phpmyadmin2013/] miss
App 3018 stderr: cache: [HEAD /phpmyadmin2014/] miss
App 3018 stderr: cache: [HEAD /phpmyadmin2016/] miss
App 3018 stderr: cache: [HEAD /phpmyadmin2017/] miss
App 3018 stderr: cache: [HEAD /phpmyadmin2018/] miss
App 3018 stderr: cache: [HEAD /phpmanager/] miss
App 3018 stderr: cache: [GET /] miss
App 3018 stderr: cache: [GET /] miss
App 3018 stderr: cache: [POST /messages] invalidate, pass
App 3018 stderr: cache: [GET /login] miss
App 3018 stderr: cache: [POST /login] invalidate, pass
App 3018 stderr: cache: [GET /] miss
App 3018 stderr: cache: [POST /messages] invalidate, pass
App 3018 stderr: cache: [GET /] miss
App 3018 stderr: cache: [GET /login] miss
App 3018 stderr: cache: [GET /login] miss
App 3018 stderr: cache: [GET /login] miss
App 3018 stderr: cache: [POST /login] invalidate, pass
App 3018 stderr: cache: [POST /login] invalidate, pass
App 3018 stderr: cache: [POST /messages] invalidate, pass
App 3018 stderr: cache: [GET /] miss
App 3018 stderr: cache: [GET /] miss
App 3018 stderr: cache: [POST /messages] invalidate, pass
App 3018 stderr: cache: [POST /messages] invalidate, pass
App 3018 stderr: cache: [GET /login] miss
App 3018 stderr: cache: [POST /messages] invalidate, pass
App 3018 stderr: cache: [POST /login] invalidate, pass
App 3018 stderr: cache: [POST /messages] invalidate, pass
App 3018 stderr: cache: [POST /login] invalidate, pass
App 3018 stderr: cache: [GET /] miss
App 3018 stderr: cache: [GET /] miss
App 3018 stderr: cache: [POST /messages] invalidate, pass
App 3018 stderr: cache: [POST /messages] invalidate, pass
App 3018 stderr: cache: [POST /messages] invalidate, pass
App 3018 stderr: cache: [POST /messages] invalidate, pass
App 3018 stderr: cache: [POST /messages] invalidate, pass
App 3018 stderr: cache: [POST /messages] invalidate, pass
App 3018 stderr: cache: [POST /messages] invalidate, pass
App 3018 stderr: cache: [POST /messages] invalidate, pass
App 3018 stderr: cache: [POST /messages] invalidate, pass
App 3018 stderr: cache: [POST /messages] invalidate, pass
App 3018 stderr: cache: [POST /messages] invalidate, pass
App 3018 stderr: cache: [POST /login] invalidate, pass
App 3018 stderr: cache: [GET /] miss
App 3018 stderr: cache: [POST /messages] invalidate, pass
App 3018 stderr: cache: [POST /messages] invalidate, pass
App 3018 stderr: cache: [POST /messages] invalidate, pass
App 3018 stderr: cache: [POST /messages] invalidate, pass
App 3018 stderr: cache: [POST /messages] invalidate, pass
App 3018 stderr: cache: [POST /messages] invalidate, pass
App 3018 stderr: cache: [POST /messages] invalidate, pass
App 3018 stderr: cache: [POST /messages] invalidate, pass
App 3018 stderr: cache: [POST /messages] invalidate, pass
App 3018 stderr: cache: [POST /messages] invalidate, pass
App 3018 stderr: cache: [POST /messages] invalidate, pass
App 3018 stderr: cache: [POST /messages] invalidate, pass
App 3018 stderr: cache: [POST /messages] invalidate, pass
App 3018 stderr: cache: [POST /messages] invalidate, pass
App 3018 stderr: cache: [POST /messages] invalidate, pass
App 3018 stderr: cache: [POST /messages] invalidate, pass
App 3018 stderr: cache: [GET /] miss
App 3018 stderr: cache: [GET /login] miss
App 3018 stderr: cache: [GET /] miss
App 3018 stderr: cache: [GET /] miss
App 3018 stderr: cache: [HEAD /mysql/admin/] miss
App 3018 stderr: cache: [HEAD /mysql/dbadmin/] miss
App 3018 stderr: cache: [HEAD /mysql/sqlmanager/] miss
App 3018 stderr: cache: [HEAD /mysql/mysqlmanager/] miss
App 3018 stderr: cache: [HEAD /phpmyadmin/] miss
App 3018 stderr: cache: [HEAD /phpMyadmin/] miss
App 3018 stderr: cache: [HEAD /phpMyAdmin/] miss
App 3018 stderr: cache: [HEAD /phpmyAdmin/] miss
App 3018 stderr: cache: [HEAD /phpmyadmin2/] miss
App 3018 stderr: cache: [HEAD /phpmyadmin3/] miss
App 3018 stderr: cache: [HEAD /phpmyadmin4/] miss
App 3018 stderr: cache: [HEAD /2phpmyadmin/] miss
App 3018 stderr: cache: [HEAD /phpmy/] miss
App 3018 stderr: cache: [HEAD /phppma/] miss
App 3018 stderr: cache: [HEAD /myadmin/] miss
App 3018 stderr: cache: [HEAD /shopdb/] miss
App 3018 stderr: cache: [HEAD /MyAdmin/] miss
App 3018 stderr: cache: [HEAD /program/] miss
App 3018 stderr: cache: [HEAD /PMA/] miss
App 3018 stderr: cache: [HEAD /dbadmin/] miss
App 3018 stderr: cache: [HEAD /pma/] miss
App 3018 stderr: cache: [HEAD /db/] miss
App 3018 stderr: cache: [HEAD /admin/] miss
App 3018 stderr: cache: [HEAD /mysql/] miss
App 3018 stderr: cache: [HEAD /database/] miss
App 3018 stderr: cache: [HEAD /db/phpmyadmin/] miss
App 3018 stderr: cache: [HEAD /db/phpMyAdmin/] miss
App 3018 stderr: cache: [HEAD /sqlmanager/] miss
App 3018 stderr: cache: [HEAD /mysqlmanager/] miss
App 3018 stderr: cache: [HEAD /php-myadmin/] miss
App 3018 stderr: cache: [HEAD /phpmy-admin/] miss
App 3018 stderr: cache: [HEAD /mysqladmin/] miss
App 3018 stderr: cache: [HEAD /mysql-admin/] miss
App 3018 stderr: cache: [HEAD /admin/phpmyadmin/] miss
App 3018 stderr: cache: [HEAD /admin/phpMyAdmin/] miss
App 3018 stderr: cache: [HEAD /admin/sysadmin/] miss
App 3018 stderr: cache: [HEAD /admin/sqladmin/] miss
App 3018 stderr: cache: [HEAD /admin/db/] miss
App 3018 stderr: cache: [HEAD /admin/web/] miss
App 3018 stderr: cache: [HEAD /admin/pMA/] miss
App 3018 stderr: cache: [HEAD /mysql/pma/] miss
App 3018 stderr: cache: [HEAD /mysql/db/] miss
App 3018 stderr: cache: [HEAD /mysql/web/] miss
App 3018 stderr: cache: [HEAD /mysql/pMA/] miss
App 3018 stderr: cache: [HEAD /sql/phpmanager/] miss
App 3018 stderr: cache: [HEAD /sql/php-myadmin/] miss
App 3018 stderr: cache: [HEAD /sql/phpmy-admin/] miss
App 3018 stderr: cache: [HEAD /sql/sql/] miss
App 3018 stderr: cache: [HEAD /sql/myadmin/] miss
App 3018 stderr: cache: [HEAD /sql/webadmin/] miss
App 3018 stderr: cache: [HEAD /sql/sqlweb/] miss
App 3018 stderr: cache: [HEAD /sql/websql/] miss
App 3018 stderr: cache: [HEAD /sql/webdb/] miss
App 3018 stderr: cache: [HEAD /sql/sqladmin/] miss
App 3018 stderr: cache: [HEAD /sql/sql-admin/] miss
App 3018 stderr: cache: [HEAD /sql/phpmyadmin2/] miss
App 3018 stderr: cache: [HEAD /sql/phpMyAdmin2/] miss
App 3018 stderr: cache: [HEAD /sql/phpMyAdmin/] miss
App 3018 stderr: cache: [HEAD /db/myadmin/] miss
App 3018 stderr: cache: [HEAD /db/webadmin/] miss
App 3018 stderr: cache: [HEAD /db/dbweb/] miss
App 3018 stderr: cache: [HEAD /db/websql/] miss
App 3018 stderr: cache: [HEAD /db/webdb/] miss
App 3018 stderr: cache: [HEAD /db/dbadmin/] miss
App 3018 stderr: cache: [HEAD /db/db-admin/] miss
App 3018 stderr: cache: [HEAD /db/phpmyadmin3/] miss
App 3018 stderr: cache: [HEAD /db/phpMyAdmin3/] miss
App 3018 stderr: cache: [HEAD /db/phpMyAdmin-3/] miss
App 3018 stderr: cache: [HEAD /administrator/phpmyadmin/] miss
App 3018 stderr: cache: [HEAD /administrator/phpMyAdmin/] miss
App 3018 stderr: cache: [HEAD /administrator/db/] miss
App 3018 stderr: cache: [HEAD /administrator/web/] miss
App 3018 stderr: cache: [HEAD /administrator/pma/] miss
App 3018 stderr: cache: [HEAD /administrator/PMA/] miss
App 3018 stderr: cache: [HEAD /administrator/admin/] miss
App 3018 stderr: cache: [HEAD /phpMyAdmin2/] miss
App 3018 stderr: cache: [HEAD /phpMyAdmin3/] miss
App 3018 stderr: cache: [HEAD /phpMyAdmin4/] miss
App 3018 stderr: cache: [HEAD /phpMyAdmin-3/] miss
App 3018 stderr: cache: [HEAD /php-my-admin/] miss
App 3018 stderr: cache: [HEAD /PMA2011/] miss
App 3018 stderr: cache: [HEAD /PMA2012/] miss
App 3018 stderr: cache: [HEAD /PMA2013/] miss
App 3018 stderr: cache: [HEAD /PMA2014/] miss
App 3018 stderr: cache: [HEAD /PMA2015/] miss
App 3018 stderr: cache: [HEAD /PMA2016/] miss
App 3018 stderr: cache: [HEAD /PMA2017/] miss
App 3018 stderr: cache: [HEAD /PMA2018/] miss
App 3018 stderr: cache: [HEAD /pma2011/] miss
App 3018 stderr: cache: [HEAD /pma2012/] miss
App 3018 stderr: cache: [HEAD /pma2013/] miss
App 3018 stderr: cache: [HEAD /pma2014/] miss
App 3018 stderr: cache: [HEAD /pma2015/] miss
App 3018 stderr: cache: [HEAD /pma2016/] miss
App 3018 stderr: cache: [HEAD /pma2017/] miss
App 3018 stderr: cache: [HEAD /pma2018/] miss
App 3018 stderr: cache: [HEAD /phpmyadmin2011/] miss
App 3018 stderr: cache: [HEAD /phpmyadmin2012/] miss
App 3018 stderr: cache: [HEAD /phpmyadmin2013/] miss
App 3018 stderr: cache: [HEAD /phpmyadmin2014/] miss
App 3018 stderr: cache: [HEAD /phpmyadmin2016/] miss
App 3018 stderr: cache: [HEAD /phpmyadmin2017/] miss
App 3018 stderr: cache: [HEAD /phpmyadmin2018/] miss
App 3018 stderr: cache: [HEAD /phpmanager/] miss
App 3018 stderr: cache: [GET /] miss
App 3018 stderr: cache: [GET /] miss
App 3018 stderr: cache: [GET /] miss
App 3018 stderr: cache: [GET /] miss
App 3018 stderr: cache: [HEAD /mysql/admin/] miss
App 3018 stderr: cache: [HEAD /mysql/dbadmin/] miss
App 3018 stderr: cache: [HEAD /mysql/sqlmanager/] miss
App 3018 stderr: cache: [HEAD /mysql/mysqlmanager/] miss
App 3018 stderr: cache: [HEAD /phpmyadmin/] miss
App 3018 stderr: cache: [HEAD /phpMyadmin/] miss
App 3018 stderr: cache: [HEAD /phpMyAdmin/] miss
App 3018 stderr: cache: [HEAD /phpmyAdmin/] miss
App 3018 stderr: cache: [HEAD /phpmyadmin2/] miss
App 3018 stderr: cache: [HEAD /phpmyadmin3/] miss
App 3018 stderr: cache: [HEAD /phpmyadmin4/] miss
App 3018 stderr: cache: [HEAD /2phpmyadmin/] miss
App 3018 stderr: cache: [HEAD /phpmy/] miss
App 3018 stderr: cache: [HEAD /phppma/] miss
App 3018 stderr: cache: [HEAD /myadmin/] miss
App 3018 stderr: cache: [HEAD /shopdb/] miss
App 3018 stderr: cache: [HEAD /MyAdmin/] miss
App 3018 stderr: cache: [HEAD /program/] miss
App 3018 stderr: cache: [HEAD /PMA/] miss
App 3018 stderr: cache: [HEAD /dbadmin/] miss
App 3018 stderr: cache: [HEAD /pma/] miss
App 3018 stderr: cache: [HEAD /db/] miss
App 3018 stderr: cache: [HEAD /admin/] miss
App 3018 stderr: cache: [HEAD /mysql/] miss
App 3018 stderr: cache: [HEAD /database/] miss
App 3018 stderr: cache: [HEAD /db/phpmyadmin/] miss
App 3018 stderr: cache: [HEAD /db/phpMyAdmin/] miss
App 3018 stderr: cache: [HEAD /sqlmanager/] miss
App 3018 stderr: cache: [HEAD /mysqlmanager/] miss
App 3018 stderr: cache: [HEAD /php-myadmin/] miss
App 3018 stderr: cache: [HEAD /phpmy-admin/] miss
App 3018 stderr: cache: [HEAD /mysqladmin/] miss
App 3018 stderr: cache: [HEAD /mysql-admin/] miss
App 3018 stderr: cache: [HEAD /admin/phpmyadmin/] miss
App 3018 stderr: cache: [HEAD /admin/phpMyAdmin/] miss
App 3018 stderr: cache: [HEAD /admin/sysadmin/] miss
App 3018 stderr: cache: [HEAD /admin/sqladmin/] miss
App 3018 stderr: cache: [HEAD /admin/db/] miss
App 3018 stderr: cache: [HEAD /admin/web/] miss
App 3018 stderr: cache: [HEAD /admin/pMA/] miss
App 3018 stderr: cache: [HEAD /mysql/pma/] miss
App 3018 stderr: cache: [HEAD /mysql/db/] miss
App 3018 stderr: cache: [HEAD /mysql/web/] miss
App 3018 stderr: cache: [HEAD /mysql/pMA/] miss
App 3018 stderr: cache: [HEAD /sql/phpmanager/] miss
App 3018 stderr: cache: [HEAD /sql/php-myadmin/] miss
App 3018 stderr: cache: [HEAD /sql/phpmy-admin/] miss
App 3018 stderr: cache: [HEAD /sql/sql/] miss
App 3018 stderr: cache: [HEAD /sql/myadmin/] miss
App 3018 stderr: cache: [HEAD /sql/webadmin/] miss
App 3018 stderr: cache: [HEAD /sql/sqlweb/] miss
App 3018 stderr: cache: [HEAD /sql/websql/] miss
App 3018 stderr: cache: [HEAD /sql/webdb/] miss
App 3018 stderr: cache: [HEAD /sql/sqladmin/] miss
App 3018 stderr: cache: [HEAD /sql/sql-admin/] miss
App 3018 stderr: cache: [HEAD /sql/phpmyadmin2/] miss
App 3018 stderr: cache: [HEAD /sql/phpMyAdmin2/] miss
App 3018 stderr: cache: [HEAD /sql/phpMyAdmin/] miss
App 3018 stderr: cache: [HEAD /db/myadmin/] miss
App 3018 stderr: cache: [HEAD /db/webadmin/] miss
App 3018 stderr: cache: [HEAD /db/dbweb/] miss
App 3018 stderr: cache: [HEAD /db/websql/] miss
App 3018 stderr: cache: [HEAD /db/webdb/] miss
App 3018 stderr: cache: [HEAD /db/dbadmin/] miss
App 3018 stderr: cache: [HEAD /db/db-admin/] miss
App 3018 stderr: cache: [HEAD /db/phpmyadmin3/] miss
App 3018 stderr: cache: [HEAD /db/phpMyAdmin3/] miss
App 3018 stderr: cache: [HEAD /db/phpMyAdmin-3/] miss
App 3018 stderr: cache: [HEAD /administrator/phpmyadmin/] miss
App 3018 stderr: cache: [HEAD /administrator/phpMyAdmin/] miss
App 3018 stderr: cache: [HEAD /administrator/db/] miss
App 3018 stderr: cache: [HEAD /administrator/web/] miss
App 3018 stderr: cache: [HEAD /administrator/pma/] miss
App 3018 stderr: cache: [HEAD /administrator/PMA/] miss
App 3018 stderr: cache: [HEAD /administrator/admin/] miss
App 3018 stderr: cache: [HEAD /phpMyAdmin2/] miss
App 3018 stderr: cache: [HEAD /phpMyAdmin3/] miss
App 3018 stderr: cache: [HEAD /phpMyAdmin4/] miss
App 3018 stderr: cache: [HEAD /phpMyAdmin-3/] miss
App 3018 stderr: cache: [HEAD /php-my-admin/] miss
App 3018 stderr: cache: [HEAD /PMA2011/] miss
App 3018 stderr: cache: [HEAD /PMA2012/] miss
App 3018 stderr: cache: [HEAD /PMA2013/] miss
App 3018 stderr: cache: [HEAD /PMA2014/] miss
App 3018 stderr: cache: [HEAD /PMA2015/] miss
App 3018 stderr: cache: [HEAD /PMA2016/] miss
App 3018 stderr: cache: [HEAD /PMA2017/] miss
App 3018 stderr: cache: [HEAD /PMA2018/] miss
App 3018 stderr: cache: [HEAD /pma2011/] miss
App 3018 stderr: cache: [HEAD /pma2012/] miss
App 3018 stderr: cache: [HEAD /pma2013/] miss
App 3018 stderr: cache: [HEAD /pma2014/] miss
App 3018 stderr: cache: [HEAD /pma2015/] miss
App 3018 stderr: cache: [HEAD /pma2016/] miss
App 3018 stderr: cache: [HEAD /pma2017/] miss
App 3018 stderr: cache: [HEAD /pma2018/] miss
App 3018 stderr: cache: [HEAD /phpmyadmin2011/] miss
App 3018 stderr: cache: [HEAD /phpmyadmin2012/] miss
App 3018 stderr: cache: [HEAD /phpmyadmin2013/] miss
App 3018 stderr: cache: [HEAD /phpmyadmin2014/] miss
App 3018 stderr: cache: [HEAD /phpmyadmin2016/] miss
App 3018 stderr: cache: [HEAD /phpmyadmin2017/] miss
App 3018 stderr: cache: [HEAD /phpmyadmin2018/] miss
App 3018 stderr: cache: [HEAD /phpmanager/] miss
App 3018 stderr: cache: [GET /] miss
App 3018 stderr: cache: [GET /] miss
App 3018 stderr: cache: [GET /] miss
App 3018 stderr: cache: [GET /] miss
App 3018 stderr: cache: [GET /] miss
App 3018 stderr: cache: [GET /] miss
App 3018 stderr: cache: [HEAD /mysql/admin/] miss
App 3018 stderr: cache: [HEAD /mysql/dbadmin/] miss
App 3018 stderr: cache: [HEAD /mysql/sqlmanager/] miss
App 3018 stderr: cache: [HEAD /mysql/mysqlmanager/] miss
App 3018 stderr: cache: [HEAD /phpmyadmin/] miss
App 3018 stderr: cache: [HEAD /phpMyadmin/] miss
App 3018 stderr: cache: [HEAD /phpMyAdmin/] miss
App 3018 stderr: cache: [HEAD /phpmyAdmin/] miss
App 3018 stderr: cache: [HEAD /phpmyadmin2/] miss
App 3018 stderr: cache: [HEAD /phpmyadmin3/] miss
App 3018 stderr: cache: [HEAD /phpmyadmin4/] miss
App 3018 stderr: cache: [HEAD /2phpmyadmin/] miss
App 3018 stderr: cache: [HEAD /phpmy/] miss
App 3018 stderr: cache: [HEAD /phppma/] miss
App 3018 stderr: cache: [HEAD /myadmin/] miss
App 3018 stderr: cache: [HEAD /shopdb/] miss
App 3018 stderr: cache: [HEAD /MyAdmin/] miss
App 3018 stderr: cache: [HEAD /program/] miss
App 3018 stderr: cache: [HEAD /PMA/] miss
App 3018 stderr: cache: [HEAD /dbadmin/] miss
App 3018 stderr: cache: [HEAD /pma/] miss
App 3018 stderr: cache: [HEAD /db/] miss
App 3018 stderr: cache: [HEAD /admin/] miss
App 3018 stderr: cache: [HEAD /mysql/] miss
App 3018 stderr: cache: [HEAD /database/] miss
App 3018 stderr: cache: [HEAD /db/phpmyadmin/] miss
App 3018 stderr: cache: [HEAD /db/phpMyAdmin/] miss
App 3018 stderr: cache: [HEAD /sqlmanager/] miss
App 3018 stderr: cache: [HEAD /mysqlmanager/] miss
App 3018 stderr: cache: [HEAD /php-myadmin/] miss
App 3018 stderr: cache: [HEAD /phpmy-admin/] miss
App 3018 stderr: cache: [HEAD /mysqladmin/] miss
App 3018 stderr: cache: [HEAD /mysql-admin/] miss
App 3018 stderr: cache: [HEAD /admin/phpmyadmin/] miss
App 3018 stderr: cache: [HEAD /admin/phpMyAdmin/] miss
App 3018 stderr: cache: [HEAD /admin/sysadmin/] miss
App 3018 stderr: cache: [HEAD /admin/sqladmin/] miss
App 3018 stderr: cache: [HEAD /admin/db/] miss
App 3018 stderr: cache: [HEAD /admin/web/] miss
App 3018 stderr: cache: [HEAD /admin/pMA/] miss
App 3018 stderr: cache: [HEAD /mysql/pma/] miss
App 3018 stderr: cache: [HEAD /mysql/db/] miss
App 3018 stderr: cache: [HEAD /mysql/web/] miss
App 3018 stderr: cache: [HEAD /mysql/pMA/] miss
App 3018 stderr: cache: [HEAD /sql/phpmanager/] miss
App 3018 stderr: cache: [HEAD /sql/php-myadmin/] miss
App 3018 stderr: cache: [HEAD /sql/phpmy-admin/] miss
App 3018 stderr: cache: [HEAD /sql/sql/] miss
App 3018 stderr: cache: [HEAD /sql/myadmin/] miss
App 3018 stderr: cache: [HEAD /sql/webadmin/] miss
App 3018 stderr: cache: [HEAD /sql/sqlweb/] miss
App 3018 stderr: cache: [HEAD /sql/websql/] miss
App 3018 stderr: cache: [HEAD /sql/webdb/] miss
App 3018 stderr: cache: [HEAD /sql/sqladmin/] miss
App 3018 stderr: cache: [HEAD /sql/sql-admin/] miss
App 3018 stderr: cache: [HEAD /sql/phpmyadmin2/] miss
App 3018 stderr: cache: [HEAD /sql/phpMyAdmin2/] miss
App 3018 stderr: cache: [HEAD /sql/phpMyAdmin/] miss
App 3018 stderr: cache: [HEAD /db/myadmin/] miss
App 3018 stderr: cache: [HEAD /db/webadmin/] miss
App 3018 stderr: cache: [HEAD /db/dbweb/] miss
App 3018 stderr: cache: [HEAD /db/websql/] miss
App 3018 stderr: cache: [HEAD /db/webdb/] miss
App 3018 stderr: cache: [HEAD /db/dbadmin/] miss
App 3018 stderr: cache: [HEAD /db/db-admin/] miss
App 3018 stderr: cache: [HEAD /db/phpmyadmin3/] miss
App 3018 stderr: cache: [HEAD /db/phpMyAdmin3/] miss
App 3018 stderr: cache: [HEAD /db/phpMyAdmin-3/] miss
App 3018 stderr: cache: [HEAD /administrator/phpmyadmin/] miss
App 3018 stderr: cache: [HEAD /administrator/phpMyAdmin/] miss
App 3018 stderr: cache: [HEAD /administrator/db/] miss
App 3018 stderr: cache: [HEAD /administrator/web/] miss
App 3018 stderr: cache: [HEAD /administrator/pma/] miss
App 3018 stderr: cache: [HEAD /administrator/PMA/] miss
App 3018 stderr: cache: [HEAD /administrator/admin/] miss
App 3018 stderr: cache: [HEAD /phpMyAdmin2/] miss
App 3018 stderr: cache: [HEAD /phpMyAdmin3/] miss
App 3018 stderr: cache: [HEAD /phpMyAdmin4/] miss
App 3018 stderr: cache: [HEAD /phpMyAdmin-3/] miss
App 3018 stderr: cache: [HEAD /php-my-admin/] miss
App 3018 stderr: cache: [HEAD /PMA2011/] miss
App 3018 stderr: cache: [HEAD /PMA2012/] miss
App 3018 stderr: cache: [HEAD /PMA2013/] miss
App 3018 stderr: cache: [HEAD /PMA2014/] miss
App 3018 stderr: cache: [HEAD /PMA2015/] miss
App 3018 stderr: cache: [HEAD /PMA2016/] miss
App 3018 stderr: cache: [HEAD /PMA2017/] miss
App 3018 stderr: cache: [HEAD /PMA2018/] miss
App 3018 stderr: cache: [HEAD /pma2011/] miss
App 3018 stderr: cache: [HEAD /pma2012/] miss
App 3018 stderr: cache: [HEAD /pma2013/] miss
App 3018 stderr: cache: [HEAD /pma2014/] miss
App 3018 stderr: cache: [HEAD /pma2015/] miss
App 3018 stderr: cache: [HEAD /pma2016/] miss
App 3018 stderr: cache: [HEAD /pma2017/] miss
App 3018 stderr: cache: [HEAD /pma2018/] miss
App 3018 stderr: cache: [HEAD /phpmyadmin2011/] miss
App 3018 stderr: cache: [HEAD /phpmyadmin2012/] miss
App 3018 stderr: cache: [HEAD /phpmyadmin2013/] miss
App 3018 stderr: cache: [HEAD /phpmyadmin2014/] miss
App 3018 stderr: cache: [HEAD /phpmyadmin2016/] miss
App 3018 stderr: cache: [HEAD /phpmyadmin2017/] miss
App 3018 stderr: cache: [HEAD /phpmyadmin2018/] miss
App 3018 stderr: cache: [HEAD /phpmanager/] miss
App 3018 stderr: cache: [HEAD /mysql/admin/] miss
App 3018 stderr: cache: [HEAD /mysql/dbadmin/] miss
App 3018 stderr: cache: [HEAD /mysql/sqlmanager/] miss
App 3018 stderr: cache: [HEAD /mysql/mysqlmanager/] miss
App 3018 stderr: cache: [HEAD /phpmyadmin/] miss
App 3018 stderr: cache: [HEAD /phpMyadmin/] miss
App 3018 stderr: cache: [HEAD /phpMyAdmin/] miss
App 3018 stderr: cache: [HEAD /phpmyAdmin/] miss
App 3018 stderr: cache: [HEAD /phpmyadmin2/] miss
App 3018 stderr: cache: [HEAD /phpmyadmin3/] miss
App 3018 stderr: cache: [HEAD /phpmyadmin4/] miss
App 3018 stderr: cache: [HEAD /2phpmyadmin/] miss
App 3018 stderr: cache: [HEAD /phpmy/] miss
App 3018 stderr: cache: [HEAD /phppma/] miss
App 3018 stderr: cache: [HEAD /myadmin/] miss
App 3018 stderr: cache: [HEAD /shopdb/] miss
App 3018 stderr: cache: [HEAD /MyAdmin/] miss
App 3018 stderr: cache: [HEAD /program/] miss
App 3018 stderr: cache: [HEAD /PMA/] miss
App 3018 stderr: cache: [HEAD /dbadmin/] miss
App 3018 stderr: cache: [HEAD /pma/] miss
App 3018 stderr: cache: [HEAD /db/] miss
App 3018 stderr: cache: [HEAD /admin/] miss
App 3018 stderr: cache: [HEAD /mysql/] miss
App 3018 stderr: cache: [HEAD /database/] miss
App 3018 stderr: cache: [HEAD /db/phpmyadmin/] miss
App 3018 stderr: cache: [HEAD /db/phpMyAdmin/] miss
App 3018 stderr: cache: [HEAD /sqlmanager/] miss
App 3018 stderr: cache: [HEAD /mysqlmanager/] miss
App 3018 stderr: cache: [HEAD /php-myadmin/] miss
App 3018 stderr: cache: [HEAD /phpmy-admin/] miss
App 3018 stderr: cache: [HEAD /mysqladmin/] miss
App 3018 stderr: cache: [HEAD /mysql-admin/] miss
App 3018 stderr: cache: [HEAD /admin/phpmyadmin/] miss
App 3018 stderr: cache: [HEAD /admin/phpMyAdmin/] miss
App 3018 stderr: cache: [HEAD /admin/sysadmin/] miss
App 3018 stderr: cache: [HEAD /admin/sqladmin/] miss
App 3018 stderr: cache: [HEAD /admin/db/] miss
App 3018 stderr: cache: [HEAD /admin/web/] miss
App 3018 stderr: cache: [HEAD /admin/pMA/] miss
App 3018 stderr: cache: [HEAD /mysql/pma/] miss
App 3018 stderr: cache: [HEAD /mysql/db/] miss
App 3018 stderr: cache: [HEAD /mysql/web/] miss
App 3018 stderr: cache: [HEAD /mysql/pMA/] miss
App 3018 stderr: cache: [HEAD /sql/phpmanager/] miss
App 3018 stderr: cache: [HEAD /sql/php-myadmin/] miss
App 3018 stderr: cache: [HEAD /sql/phpmy-admin/] miss
App 3018 stderr: cache: [HEAD /sql/sql/] miss
App 3018 stderr: cache: [HEAD /sql/myadmin/] miss
App 3018 stderr: cache: [HEAD /sql/webadmin/] miss
App 3018 stderr: cache: [HEAD /sql/sqlweb/] miss
App 3018 stderr: cache: [HEAD /sql/websql/] miss
App 3018 stderr: cache: [HEAD /sql/webdb/] miss
App 3018 stderr: cache: [HEAD /sql/sqladmin/] miss
App 3018 stderr: cache: [HEAD /sql/sql-admin/] miss
App 3018 stderr: cache: [HEAD /sql/phpmyadmin2/] miss
App 3018 stderr: cache: [HEAD /sql/phpMyAdmin2/] miss
App 3018 stderr: cache: [HEAD /sql/phpMyAdmin/] miss
App 3018 stderr: cache: [HEAD /db/myadmin/] miss
App 3018 stderr: cache: [HEAD /db/webadmin/] miss
App 3018 stderr: cache: [HEAD /db/dbweb/] miss
App 3018 stderr: cache: [HEAD /db/websql/] miss
App 3018 stderr: cache: [HEAD /db/webdb/] miss
App 3018 stderr: cache: [HEAD /db/dbadmin/] miss
App 3018 stderr: cache: [HEAD /db/db-admin/] miss
App 3018 stderr: cache: [HEAD /db/phpmyadmin3/] miss
App 3018 stderr: cache: [HEAD /db/phpMyAdmin3/] miss
App 3018 stderr: cache: [HEAD /db/phpMyAdmin-3/] miss
App 3018 stderr: cache: [HEAD /administrator/phpmyadmin/] miss
App 3018 stderr: cache: [HEAD /administrator/phpMyAdmin/] miss
App 3018 stderr: cache: [HEAD /administrator/db/] miss
App 3018 stderr: cache: [HEAD /administrator/web/] miss
App 3018 stderr: cache: [HEAD /administrator/pma/] miss
App 3018 stderr: cache: [HEAD /administrator/PMA/] miss
App 3018 stderr: cache: [HEAD /administrator/admin/] miss
App 3018 stderr: cache: [HEAD /phpMyAdmin2/] miss
App 3018 stderr: cache: [HEAD /phpMyAdmin3/] miss
App 3018 stderr: cache: [HEAD /phpMyAdmin4/] miss
App 3018 stderr: cache: [HEAD /phpMyAdmin-3/] miss
App 3018 stderr: cache: [HEAD /php-my-admin/] miss
App 3018 stderr: cache: [HEAD /PMA2011/] miss
App 3018 stderr: cache: [HEAD /PMA2012/] miss
App 3018 stderr: cache: [HEAD /PMA2013/] miss
App 3018 stderr: cache: [HEAD /PMA2014/] miss
App 3018 stderr: cache: [HEAD /PMA2015/] miss
App 3018 stderr: cache: [HEAD /PMA2016/] miss
App 3018 stderr: cache: [HEAD /PMA2017/] miss
App 3018 stderr: cache: [HEAD /PMA2018/] miss
App 3018 stderr: cache: [HEAD /pma2011/] miss
App 3018 stderr: cache: [HEAD /pma2012/] miss
App 3018 stderr: cache: [HEAD /pma2013/] miss
App 3018 stderr: cache: [HEAD /pma2014/] miss
App 3018 stderr: cache: [HEAD /pma2015/] miss
App 3018 stderr: cache: [HEAD /pma2016/] miss
App 3018 stderr: cache: [HEAD /pma2017/] miss
App 3018 stderr: cache: [HEAD /pma2018/] miss
App 3018 stderr: cache: [HEAD /phpmyadmin2011/] miss
App 3018 stderr: cache: [HEAD /phpmyadmin2012/] miss
App 3018 stderr: cache: [HEAD /phpmyadmin2013/] miss
App 3018 stderr: cache: [HEAD /phpmyadmin2014/] miss
App 3018 stderr: cache: [HEAD /phpmyadmin2018/] miss
App 3018 stderr: cache: [HEAD /phpmanager/] miss
[ 2017-07-02 18:44:12.6438 2981/7f6af4f57700 age/Cor/SecurityUpdateChecker.h:356 ]: Security update check: no update found (next check in 24 hours)
App 3018 stderr: cache: [GET /] miss
App 3018 stderr: cache: [GET /] miss
App 3018 stderr: cache: [GET /store.php?id=1'] miss
App 3018 stderr: cache: [GET /edituser.php?id=1'] miss
App 3018 stderr: cache: [GET /] miss
App 3018 stderr: cache: [GET /messages/new] miss
App 3018 stderr: cache: [GET /] miss
App 3018 stderr: cache: [GET /] miss
App 3018 stderr: cache: [GET /] miss
App 3018 stderr: cache: [GET /] miss
App 3018 stderr: cache: [GET /] miss
App 3018 stderr: cache: [GET /] miss
App 3018 stderr: cache: [GET /] miss
App 3018 stderr: cache: [GET /] miss
App 3018 stderr: cache: [GET /] miss
App 3018 stderr: cache: [GET /] miss
App 3018 stderr: cache: [GET /] miss
App 3018 stderr: cache: [GET /] miss
App 3018 stderr: cache: [GET /] miss
App 3018 stderr: cache: [GET /] miss
App 3018 stderr: cache: [GET /] miss
App 3018 stderr: cache: [GET /] miss
App 3018 stderr: cache: [GET /] miss
App 3018 stderr: cache: [GET /] miss
App 3018 stderr: cache: [GET /] miss
App 3018 stderr: cache: [GET /login] miss
App 3018 stderr: cache: [GET /] miss
App 3018 stderr: cache: [GET /] miss
App 3018 stderr: cache: [GET /] miss
App 3018 stderr: cache: [GET /] miss
App 3018 stderr: cache: [POST /messages] invalidate, pass
App 3018 stderr: cache: [POST /messages] invalidate, pass
App 3018 stderr: cache: [POST /messages] invalidate, pass
App 3018 stderr: cache: [POST /messages] invalidate, pass
App 3018 stderr: cache: [POST /messages] invalidate, pass
App 3018 stderr: cache: [POST /messages] invalidate, pass
App 3018 stderr: cache: [POST /messages] invalidate, pass
App 3018 stderr: cache: [POST /messages] invalidate, pass
App 3018 stderr: cache: [POST /messages] invalidate, pass
App 3018 stderr: cache: [POST /messages] invalidate, pass
App 3018 stderr: cache: [GET /] miss
App 3018 stderr: cache: [POST /messages] invalidate, pass
App 3018 stderr: cache: [POST /messages] invalidate, pass
App 3018 stderr: cache: [POST /messages] invalidate, pass
App 3018 stderr: cache: [POST /messages] invalidate, pass
App 3018 stderr: cache: [GET /] miss
App 3018 stderr: cache: [GET /login] miss
App 3018 stderr: cache: [POST /login] invalidate, pass
App 3018 stderr: cache: [GET /] miss
App 3018 stderr: cache: [POST /messages] invalidate, pass
App 3018 stderr: cache: [POST /messages] invalidate, pass
App 3018 stderr: cache: [POST /messages] invalidate, pass
App 3018 stderr: cache: [POST /messages] invalidate, pass
App 3018 stderr: cache: [POST /messages] invalidate, pass
App 3018 stderr: cache: [POST /messages] invalidate, pass
App 3018 stderr: cache: [POST /messages] invalidate, pass
App 3018 stderr: cache: [GET /] miss
App 3018 stderr: cache: [POST /messages] invalidate, pass
App 3018 stderr: cache: [GET /] miss
App 3018 stderr: cache: [POST /messages] invalidate, pass
App 3018 stderr: cache: [POST /messages] invalidate, pass
App 3018 stderr: cache: [POST /messages] invalidate, pass
App 3018 stderr: cache: [POST /messages] invalidate, pass
App 3018 stderr: cache: [POST /messages] invalidate, pass
App 3018 stderr: cache: [GET /] miss
App 3018 stderr: cache: [GET /] miss
App 3018 stderr: cache: [GET /] miss
App 3018 stderr: cache: [GET /] miss
App 3018 stderr: cache: [POST /messages] invalidate, pass
App 3018 stderr: cache: [GET /] miss
App 3018 stderr: cache: [GET /] miss
App 3018 stderr: cache: [GET /] miss
App 3018 stderr: cache: [GET /] miss
App 3018 stderr: cache: [GET /] miss
App 3018 stderr: cache: [GET /] miss
App 3018 stderr: cache: [GET /] miss
App 3018 stderr: cache: [GET /] miss
App 3018 stderr: cache: [GET /] miss
App 3018 stderr: cache: [GET /] miss
App 3018 stderr: cache: [GET /] miss
App 3018 stderr: cache: [GET /] miss
App 3018 stderr: cache: [GET /] miss
App 3018 stderr: cache: [GET /] miss
App 3018 stderr: cache: [GET /] miss
App 3018 stderr: cache: [GET /] miss
App 3018 stderr: cache: [GET /] miss
App 3018 stderr: cache: [GET /] miss
App 3018 stderr: cache: [GET /] miss
App 3018 stderr: cache: [GET /] miss
App 3018 stderr: cache: [GET /] miss
App 3018 stderr: cache: [GET /] miss
App 3018 stderr: cache: [GET /] miss
App 3018 stderr: cache: [GET /] miss
App 3018 stderr: cache: [GET /] miss
App 3018 stderr: cache: [GET /] miss
App 3018 stderr: cache: [GET /] miss
App 3018 stderr: cache: [GET /] miss
App 3018 stderr: cache: [GET /] miss
App 3018 stderr: cache: [GET /] miss
App 3018 stderr: cache: [GET /] miss
App 3018 stderr: cache: [GET /] miss
App 3018 stderr: cache: [GET /] miss
App 3018 stderr: cache: [GET /] miss
App 3018 stderr: cache: [GET /] miss
App 3018 stderr: cache: [GET /] miss
App 3018 stderr: cache: [GET /] miss
App 3018 stderr: cache: [GET /] miss
App 3018 stderr: cache: [GET /] miss
App 3018 stderr: cache: [POST /messages] invalidate, pass
App 3018 stderr: cache: [GET /] miss
App 3018 stderr: cache: [GET /] miss
App 3018 stderr: cache: [GET /] miss
App 3018 stderr: cache: [GET /] miss
App 3018 stderr: cache: [GET /] miss
App 3018 stderr: cache: [POST /messages] invalidate, pass
App 3018 stderr: cache: [GET /] miss
App 3018 stderr: cache: [GET /] miss
App 3018 stderr: cache: [POST /messages] invalidate, pass
2017/07/03 07:43:00 [alert] 2998#0: worker process 2999 exited on signal 9
App 3018 stderr: cache: [GET /] miss
App 3018 stderr: cache: [GET /] miss
2017/07/03 07:43:36 [alert] 2998#0: worker process 19109 exited on signal 9
2017/07/03 07:43:44 [alert] 2998#0: worker process 19128 exited on signal 9
App 3018 stderr: cache: [GET /manager/html] miss

[ 2017-07-03 08:27:21.9640 2981/7f6af2eb9700 age/Cor/CoreMain.cpp:588 ]: Signal received. Gracefully shutting down... (send signal 2 more time(s) to force shutdown)
[ 2017-07-03 08:27:21.9641 2981/7f6af5023740 age/Cor/CoreMain.cpp:999 ]: Received command to shutdown gracefully. Waiting until all clients have disconnected...
[ 2017-07-03 08:27:21.9641 2981/7f6af5023740 age/Cor/CoreMain.cpp:917 ]: Checking whether to disconnect long-running connections for process 3036, application /home/ubuntu/awsteschat/testchatmike/public (production)
[ 2017-07-03 08:27:21.9641 2981/7f6af26b8700 Ser/Server.h:862 ]: [ApiServer] Freed 0 spare client objects
[ 2017-07-03 08:27:21.9641 2981/7f6af26b8700 Ser/Server.h:490 ]: [ApiServer] Shutdown finished
[ 2017-07-03 08:27:21.9641 2981/7f6af2eb9700 Ser/Server.h:862 ]: [ServerThr.1] Freed 0 spare client objects
[ 2017-07-03 08:27:21.9642 2981/7f6af2eb9700 Ser/Server.h:490 ]: [ServerThr.1] Shutdown finished
[ 2017-07-03 08:27:21.9642 2981/7f6af5023740 age/Cor/CoreMain.cpp:917 ]: Checking whether to disconnect long-running connections for process 3036, application /home/ubuntu/awsteschat/testchatmike/public (production)

[ 2017-07-03 08:27:21.9643 2987/7f60964bb700 age/Ust/UstRouterMain.cpp:430 ]: Signal received. Gracefully shutting down... (send signal 2 more time(s) to force shutdown)
[ 2017-07-03 08:27:21.9643 2987/7f6097e24740 age/Ust/UstRouterMain.cpp:500 ]: Received command to shutdown gracefully. Waiting until all clients have disconnected...
[ 2017-07-03 08:27:21.9643 2987/7f6095cba700 Ser/Server.h:862 ]: [UstRouterApiServer] Freed 0 spare client objects
[ 2017-07-03 08:27:21.9644 2987/7f6095cba700 Ser/Server.h:490 ]: [UstRouterApiServer] Shutdown finished
[ 2017-07-03 08:27:21.9644 2987/7f60964bb700 Ser/Server.h:490 ]: [UstRouter] Shutdown finished
[ 2017-07-03 08:27:21.9645 2987/7f6097e24740 age/Ust/UstRouterMain.cpp:531 ]: Passenger UstRouter shutdown finished

[ 2017-07-03 08:27:21.9649 2981/7f6af2eb9700 age/Cor/CoreMain.cpp:588 ]: Signal received. Gracefully shutting down... (send signal 1 more time(s) to force shutdown)
2017/07/03 09:10:29 [emerg] 2459#0: bind() to 0.0.0.0:80 failed (98: Address already in use)
2017/07/03 09:10:29 [emerg] 2459#0: bind() to 0.0.0.0:80 failed (98: Address already in use)
2017/07/03 09:10:29 [emerg] 2459#0: bind() to 0.0.0.0:80 failed (98: Address already in use)
2017/07/03 09:10:29 [emerg] 2459#0: bind() to 0.0.0.0:80 failed (98: Address already in use)
2017/07/03 09:10:29 [emerg] 2459#0: bind() to 0.0.0.0:80 failed (98: Address already in use)
2017/07/03 09:10:29 [emerg] 2459#0: still could not bind()
2017/07/03 09:11:16 [emerg] 2481#0: bind() to 0.0.0.0:80 failed (98: Address already in use)
2017/07/03 09:11:16 [emerg] 2481#0: bind() to 0.0.0.0:80 failed (98: Address already in use)
2017/07/03 09:11:16 [emerg] 2481#0: bind() to 0.0.0.0:80 failed (98: Address already in use)
2017/07/03 09:11:16 [emerg] 2481#0: bind() to 0.0.0.0:80 failed (98: Address already in use)
2017/07/03 09:11:16 [emerg] 2481#0: bind() to 0.0.0.0:80 failed (98: Address already in use)
2017/07/03 09:11:16 [emerg] 2481#0: still could not bind()
